CRITICAL - 2025-08-10 08:10:15 --> ErrorException: Trying to access array offset on value of type null
[Method: GET, Route: barang/create]
in APPPATH\Views\barang\detail.php on line 11.
 1 APPPATH\Views\barang\detail.php(11): CodeIgniter\Debug\Exceptions->errorHandler(2, 'Trying to access array offset on value of type null', 'D:\\XAMPP\\htdocs\\CI4\\app\\Views\\barang\\detail.php', 11)
 2 SYSTEMPATH\View\View.php(224): include('D:\\XAMPP\\htdocs\\CI4\\app\\Views\\barang\\detail.php')
 3 SYSTEMPATH\View\View.php(227): CodeIgniter\View\View->CodeIgniter\View\{closure}()
 4 SYSTEMPATH\Common.php(1173): CodeIgniter\View\View->render('barang/detail', [], true)
 5 APPPATH\Controllers\barang.php(34): view('barang/detail', [...])
 6 SYSTEMPATH\CodeIgniter.php(933): App\Controllers\barang->detail('create')
 7 SYSTEMPATH\CodeIgniter.php(507): CodeIgniter\CodeIgniter->runController(Object(App\Controllers\barang))
 8 SYSTEMPATH\CodeIgniter.php(354): CodeIgniter\CodeIgniter->handleRequest(null, Object(Config\Cache), false)
 9 SYSTEMPATH\Boot.php(334): CodeIgniter\CodeIgniter->run()
10 SYSTEMPATH\Boot.php(67): CodeIgniter\Boot::runCodeIgniter(Object(CodeIgniter\CodeIgniter))
11 FCPATH\index.php(59): CodeIgniter\Boot::bootWeb(Object(Config\Paths))
12 SYSTEMPATH\rewrite.php(44): require_once('D:\\XAMPP\\htdocs\\CI4\\public\\index.php')
CRITICAL - 2025-08-10 08:16:21 --> ErrorException: Trying to access array offset on value of type null
[Method: GET, Route: barang/create]
in APPPATH\Views\barang\detail.php on line 11.
 1 APPPATH\Views\barang\detail.php(11): CodeIgniter\Debug\Exceptions->errorHandler(2, 'Trying to access array offset on value of type null', 'D:\\XAMPP\\htdocs\\CI4\\app\\Views\\barang\\detail.php', 11)
 2 SYSTEMPATH\View\View.php(224): include('D:\\XAMPP\\htdocs\\CI4\\app\\Views\\barang\\detail.php')
 3 SYSTEMPATH\View\View.php(227): CodeIgniter\View\View->CodeIgniter\View\{closure}()
 4 SYSTEMPATH\Common.php(1173): CodeIgniter\View\View->render('barang/detail', [], true)
 5 APPPATH\Controllers\barang.php(34): view('barang/detail', [...])
 6 SYSTEMPATH\CodeIgniter.php(933): App\Controllers\barang->detail('create')
 7 SYSTEMPATH\CodeIgniter.php(507): CodeIgniter\CodeIgniter->runController(Object(App\Controllers\barang))
 8 SYSTEMPATH\CodeIgniter.php(354): CodeIgniter\CodeIgniter->handleRequest(null, Object(Config\Cache), false)
 9 SYSTEMPATH\Boot.php(334): CodeIgniter\CodeIgniter->run()
10 SYSTEMPATH\Boot.php(67): CodeIgniter\Boot::runCodeIgniter(Object(CodeIgniter\CodeIgniter))
11 FCPATH\index.php(59): CodeIgniter\Boot::bootWeb(Object(Config\Paths))
12 SYSTEMPATH\rewrite.php(44): require_once('D:\\XAMPP\\htdocs\\CI4\\public\\index.php')
CRITICAL - 2025-08-10 08:22:51 --> ErrorException: Trying to access array offset on value of type null
[Method: GET, Route: barang/create]
in APPPATH\Views\barang\detail.php on line 11.
 1 APPPATH\Views\barang\detail.php(11): CodeIgniter\Debug\Exceptions->errorHandler(2, 'Trying to access array offset on value of type null', 'D:\\XAMPP\\htdocs\\CI4\\app\\Views\\barang\\detail.php', 11)
 2 SYSTEMPATH\View\View.php(224): include('D:\\XAMPP\\htdocs\\CI4\\app\\Views\\barang\\detail.php')
 3 SYSTEMPATH\View\View.php(227): CodeIgniter\View\View->CodeIgniter\View\{closure}()
 4 SYSTEMPATH\Common.php(1173): CodeIgniter\View\View->render('barang/detail', [], true)
 5 APPPATH\Controllers\barang.php(34): view('barang/detail', [...])
 6 SYSTEMPATH\CodeIgniter.php(933): App\Controllers\barang->detail('create')
 7 SYSTEMPATH\CodeIgniter.php(507): CodeIgniter\CodeIgniter->runController(Object(App\Controllers\barang))
 8 SYSTEMPATH\CodeIgniter.php(354): CodeIgniter\CodeIgniter->handleRequest(null, Object(Config\Cache), false)
 9 SYSTEMPATH\Boot.php(334): CodeIgniter\CodeIgniter->run()
10 SYSTEMPATH\Boot.php(67): CodeIgniter\Boot::runCodeIgniter(Object(CodeIgniter\CodeIgniter))
11 FCPATH\index.php(59): CodeIgniter\Boot::bootWeb(Object(Config\Paths))
12 SYSTEMPATH\rewrite.php(44): require_once('D:\\XAMPP\\htdocs\\CI4\\public\\index.php')
CRITICAL - 2025-08-10 08:23:02 --> ErrorException: Trying to access array offset on value of type null
[Method: GET, Route: barang/create]
in APPPATH\Views\barang\detail.php on line 11.
 1 APPPATH\Views\barang\detail.php(11): CodeIgniter\Debug\Exceptions->errorHandler(2, 'Trying to access array offset on value of type null', 'D:\\XAMPP\\htdocs\\CI4\\app\\Views\\barang\\detail.php', 11)
 2 SYSTEMPATH\View\View.php(224): include('D:\\XAMPP\\htdocs\\CI4\\app\\Views\\barang\\detail.php')
 3 SYSTEMPATH\View\View.php(227): CodeIgniter\View\View->CodeIgniter\View\{closure}()
 4 SYSTEMPATH\Common.php(1173): CodeIgniter\View\View->render('barang/detail', [], true)
 5 APPPATH\Controllers\barang.php(34): view('barang/detail', [...])
 6 SYSTEMPATH\CodeIgniter.php(933): App\Controllers\barang->detail('create')
 7 SYSTEMPATH\CodeIgniter.php(507): CodeIgniter\CodeIgniter->runController(Object(App\Controllers\barang))
 8 SYSTEMPATH\CodeIgniter.php(354): CodeIgniter\CodeIgniter->handleRequest(null, Object(Config\Cache), false)
 9 SYSTEMPATH\Boot.php(334): CodeIgniter\CodeIgniter->run()
10 SYSTEMPATH\Boot.php(67): CodeIgniter\Boot::runCodeIgniter(Object(CodeIgniter\CodeIgniter))
11 FCPATH\index.php(59): CodeIgniter\Boot::bootWeb(Object(Config\Paths))
12 SYSTEMPATH\rewrite.php(44): require_once('D:\\XAMPP\\htdocs\\CI4\\public\\index.php')
CRITICAL - 2025-08-10 08:25:15 --> ErrorException: Trying to access array offset on value of type null
[Method: GET, Route: barang/create]
in APPPATH\Views\barang\detail.php on line 11.
 1 APPPATH\Views\barang\detail.php(11): CodeIgniter\Debug\Exceptions->errorHandler(2, 'Trying to access array offset on value of type null', 'D:\\XAMPP\\htdocs\\CI4\\app\\Views\\barang\\detail.php', 11)
 2 SYSTEMPATH\View\View.php(224): include('D:\\XAMPP\\htdocs\\CI4\\app\\Views\\barang\\detail.php')
 3 SYSTEMPATH\View\View.php(227): CodeIgniter\View\View->CodeIgniter\View\{closure}()
 4 SYSTEMPATH\Common.php(1173): CodeIgniter\View\View->render('barang/detail', [], true)
 5 APPPATH\Controllers\barang.php(34): view('barang/detail', [...])
 6 SYSTEMPATH\CodeIgniter.php(933): App\Controllers\barang->detail('create')
 7 SYSTEMPATH\CodeIgniter.php(507): CodeIgniter\CodeIgniter->runController(Object(App\Controllers\barang))
 8 SYSTEMPATH\CodeIgniter.php(354): CodeIgniter\CodeIgniter->handleRequest(null, Object(Config\Cache), false)
 9 SYSTEMPATH\Boot.php(334): CodeIgniter\CodeIgniter->run()
10 SYSTEMPATH\Boot.php(67): CodeIgniter\Boot::runCodeIgniter(Object(CodeIgniter\CodeIgniter))
11 FCPATH\index.php(59): CodeIgniter\Boot::bootWeb(Object(Config\Paths))
12 SYSTEMPATH\rewrite.php(44): require_once('D:\\XAMPP\\htdocs\\CI4\\public\\index.php')
CRITICAL - 2025-08-10 08:25:21 --> ErrorException: Trying to access array offset on value of type null
[Method: GET, Route: barang/create]
in APPPATH\Views\barang\detail.php on line 11.
 1 APPPATH\Views\barang\detail.php(11): CodeIgniter\Debug\Exceptions->errorHandler(2, 'Trying to access array offset on value of type null', 'D:\\XAMPP\\htdocs\\CI4\\app\\Views\\barang\\detail.php', 11)
 2 SYSTEMPATH\View\View.php(224): include('D:\\XAMPP\\htdocs\\CI4\\app\\Views\\barang\\detail.php')
 3 SYSTEMPATH\View\View.php(227): CodeIgniter\View\View->CodeIgniter\View\{closure}()
 4 SYSTEMPATH\Common.php(1173): CodeIgniter\View\View->render('barang/detail', [], true)
 5 APPPATH\Controllers\barang.php(34): view('barang/detail', [...])
 6 SYSTEMPATH\CodeIgniter.php(933): App\Controllers\barang->detail('create')
 7 SYSTEMPATH\CodeIgniter.php(507): CodeIgniter\CodeIgniter->runController(Object(App\Controllers\barang))
 8 SYSTEMPATH\CodeIgniter.php(354): CodeIgniter\CodeIgniter->handleRequest(null, Object(Config\Cache), false)
 9 SYSTEMPATH\Boot.php(334): CodeIgniter\CodeIgniter->run()
10 SYSTEMPATH\Boot.php(67): CodeIgniter\Boot::runCodeIgniter(Object(CodeIgniter\CodeIgniter))
11 FCPATH\index.php(59): CodeIgniter\Boot::bootWeb(Object(Config\Paths))
12 SYSTEMPATH\rewrite.php(44): require_once('D:\\XAMPP\\htdocs\\CI4\\public\\index.php')
CRITICAL - 2025-08-10 08:26:49 --> ErrorException: Trying to access array offset on value of type null
[Method: GET, Route: barang/create]
in APPPATH\Views\barang\detail.php on line 11.
 1 APPPATH\Views\barang\detail.php(11): CodeIgniter\Debug\Exceptions->errorHandler(2, 'Trying to access array offset on value of type null', 'D:\\XAMPP\\htdocs\\CI4\\app\\Views\\barang\\detail.php', 11)
 2 SYSTEMPATH\View\View.php(224): include('D:\\XAMPP\\htdocs\\CI4\\app\\Views\\barang\\detail.php')
 3 SYSTEMPATH\View\View.php(227): CodeIgniter\View\View->CodeIgniter\View\{closure}()
 4 SYSTEMPATH\Common.php(1173): CodeIgniter\View\View->render('barang/detail', [], true)
 5 APPPATH\Controllers\barang.php(34): view('barang/detail', [...])
 6 SYSTEMPATH\CodeIgniter.php(933): App\Controllers\barang->detail('create')
 7 SYSTEMPATH\CodeIgniter.php(507): CodeIgniter\CodeIgniter->runController(Object(App\Controllers\barang))
 8 SYSTEMPATH\CodeIgniter.php(354): CodeIgniter\CodeIgniter->handleRequest(null, Object(Config\Cache), false)
 9 SYSTEMPATH\Boot.php(334): CodeIgniter\CodeIgniter->run()
10 SYSTEMPATH\Boot.php(67): CodeIgniter\Boot::runCodeIgniter(Object(CodeIgniter\CodeIgniter))
11 FCPATH\index.php(59): CodeIgniter\Boot::bootWeb(Object(Config\Paths))
12 SYSTEMPATH\rewrite.php(44): require_once('D:\\XAMPP\\htdocs\\CI4\\public\\index.php')
CRITICAL - 2025-08-10 08:29:06 --> ErrorException: Trying to access array offset on value of type null
[Method: GET, Route: barang/create]
in APPPATH\Views\barang\detail.php on line 11.
 1 APPPATH\Views\barang\detail.php(11): CodeIgniter\Debug\Exceptions->errorHandler(2, 'Trying to access array offset on value of type null', 'D:\\XAMPP\\htdocs\\CI4\\app\\Views\\barang\\detail.php', 11)
 2 SYSTEMPATH\View\View.php(224): include('D:\\XAMPP\\htdocs\\CI4\\app\\Views\\barang\\detail.php')
 3 SYSTEMPATH\View\View.php(227): CodeIgniter\View\View->CodeIgniter\View\{closure}()
 4 SYSTEMPATH\Common.php(1173): CodeIgniter\View\View->render('barang/detail', [], true)
 5 APPPATH\Controllers\barang.php(34): view('barang/detail', [...])
 6 SYSTEMPATH\CodeIgniter.php(933): App\Controllers\barang->detail('create')
 7 SYSTEMPATH\CodeIgniter.php(507): CodeIgniter\CodeIgniter->runController(Object(App\Controllers\barang))
 8 SYSTEMPATH\CodeIgniter.php(354): CodeIgniter\CodeIgniter->handleRequest(null, Object(Config\Cache), false)
 9 SYSTEMPATH\Boot.php(334): CodeIgniter\CodeIgniter->run()
10 SYSTEMPATH\Boot.php(67): CodeIgniter\Boot::runCodeIgniter(Object(CodeIgniter\CodeIgniter))
11 FCPATH\index.php(59): CodeIgniter\Boot::bootWeb(Object(Config\Paths))
12 SYSTEMPATH\rewrite.php(44): require_once('D:\\XAMPP\\htdocs\\CI4\\public\\index.php')
CRITICAL - 2025-08-10 08:29:27 --> ErrorException: Trying to access array offset on value of type null
[Method: GET, Route: barang/create]
in APPPATH\Views\barang\detail.php on line 12.
 1 APPPATH\Views\barang\detail.php(12): CodeIgniter\Debug\Exceptions->errorHandler(2, 'Trying to access array offset on value of type null', 'D:\\XAMPP\\htdocs\\CI4\\app\\Views\\barang\\detail.php', 12)
 2 SYSTEMPATH\View\View.php(224): include('D:\\XAMPP\\htdocs\\CI4\\app\\Views\\barang\\detail.php')
 3 SYSTEMPATH\View\View.php(227): CodeIgniter\View\View->CodeIgniter\View\{closure}()
 4 SYSTEMPATH\Common.php(1173): CodeIgniter\View\View->render('barang/detail', [], true)
 5 APPPATH\Controllers\barang.php(34): view('barang/detail', [...])
 6 SYSTEMPATH\CodeIgniter.php(933): App\Controllers\barang->detail('create')
 7 SYSTEMPATH\CodeIgniter.php(507): CodeIgniter\CodeIgniter->runController(Object(App\Controllers\barang))
 8 SYSTEMPATH\CodeIgniter.php(354): CodeIgniter\CodeIgniter->handleRequest(null, Object(Config\Cache), false)
 9 SYSTEMPATH\Boot.php(334): CodeIgniter\CodeIgniter->run()
10 SYSTEMPATH\Boot.php(67): CodeIgniter\Boot::runCodeIgniter(Object(CodeIgniter\CodeIgniter))
11 FCPATH\index.php(59): CodeIgniter\Boot::bootWeb(Object(Config\Paths))
12 SYSTEMPATH\rewrite.php(44): require_once('D:\\XAMPP\\htdocs\\CI4\\public\\index.php')
