CRITICAL - 2025-08-11 04:55:34 --> ErrorException: Trying to access array offset on value of type null
[Method: GET, Route: barang/create]
in APPPATH\Views\barang\detail.php on line 11.
 1 APPPATH\Views\barang\detail.php(11): CodeIgniter\Debug\Exceptions->errorHandler(2, 'Trying to access array offset on value of type null', 'D:\\XAMPP\\htdocs\\CI4\\app\\Views\\barang\\detail.php', 11)
 2 SYSTEMPATH\View\View.php(224): include('D:\\XAMPP\\htdocs\\CI4\\app\\Views\\barang\\detail.php')
 3 SYSTEMPATH\View\View.php(227): CodeIgniter\View\View->CodeIgniter\View\{closure}()
 4 SYSTEMPATH\Common.php(1173): CodeIgniter\View\View->render('barang/detail', [], true)
 5 APPPATH\Controllers\barang.php(34): view('barang/detail', [...])
 6 SYSTEMPATH\CodeIgniter.php(933): App\Controllers\barang->detail('create')
 7 SYSTEMPATH\CodeIgniter.php(507): CodeIgniter\CodeIgniter->runController(Object(App\Controllers\barang))
 8 SYSTEMPATH\CodeIgniter.php(354): CodeIgniter\CodeIgniter->handleRequest(null, Object(Config\Cache), false)
 9 SYSTEMPATH\Boot.php(334): CodeIgniter\CodeIgniter->run()
10 SYSTEMPATH\Boot.php(67): CodeIgniter\Boot::runCodeIgniter(Object(CodeIgniter\CodeIgniter))
11 FCPATH\index.php(59): CodeIgniter\Boot::bootWeb(Object(Config\Paths))
12 SYSTEMPATH\rewrite.php(44): require_once('D:\\XAMPP\\htdocs\\CI4\\public\\index.php')
CRITICAL - 2025-08-11 05:02:34 --> ErrorException: Undefined property: CodeIgniter\View\View::$endSection
[Method: GET, Route: barang/create]
in APPPATH\Views\barang\create.php on line 11.
 1 APPPATH\Views\barang\create.php(11): CodeIgniter\Debug\Exceptions->errorHandler(2, 'Undefined property: CodeIgniter\\View\\View::$endSection', 'D:\\XAMPP\\htdocs\\CI4\\app\\Views\\barang\\create.php', 11)
 2 SYSTEMPATH\View\View.php(224): include('D:\\XAMPP\\htdocs\\CI4\\app\\Views\\barang\\create.php')
 3 SYSTEMPATH\View\View.php(227): CodeIgniter\View\View->CodeIgniter\View\{closure}()
 4 SYSTEMPATH\Common.php(1173): CodeIgniter\View\View->render('barang/create', [], true)
 5 APPPATH\Controllers\barang.php(41): view('barang/create', [...])
 6 SYSTEMPATH\CodeIgniter.php(933): App\Controllers\barang->create()
 7 SYSTEMPATH\CodeIgniter.php(507): CodeIgniter\CodeIgniter->runController(Object(App\Controllers\barang))
 8 SYSTEMPATH\CodeIgniter.php(354): CodeIgniter\CodeIgniter->handleRequest(null, Object(Config\Cache), false)
 9 SYSTEMPATH\Boot.php(334): CodeIgniter\CodeIgniter->run()
10 SYSTEMPATH\Boot.php(67): CodeIgniter\Boot::runCodeIgniter(Object(CodeIgniter\CodeIgniter))
11 FCPATH\index.php(59): CodeIgniter\Boot::bootWeb(Object(Config\Paths))
12 SYSTEMPATH\rewrite.php(44): require_once('D:\\XAMPP\\htdocs\\CI4\\public\\index.php')
CRITICAL - 2025-08-11 06:22:16 --> Error: Object of class App\Controllers\barang could not be converted to string
[Method: POST, Route: barang/save]
in APPPATH\Controllers\barang.php on line 48.
 1 SYSTEMPATH\CodeIgniter.php(933): App\Controllers\barang->save()
 2 SYSTEMPATH\CodeIgniter.php(507): CodeIgniter\CodeIgniter->runController(Object(App\Controllers\barang))
 3 SYSTEMPATH\CodeIgniter.php(354): CodeIgniter\CodeIgniter->handleRequest(null, Object(Config\Cache), false)
 4 SYSTEMPATH\Boot.php(334): CodeIgniter\CodeIgniter->run()
 5 SYSTEMPATH\Boot.php(67): CodeIgniter\Boot::runCodeIgniter(Object(CodeIgniter\CodeIgniter))
 6 FCPATH\index.php(59): CodeIgniter\Boot::bootWeb(Object(Config\Paths))
 7 SYSTEMPATH\rewrite.php(44): require_once('D:\\XAMPP\\htdocs\\CI4\\public\\index.php')
CRITICAL - 2025-08-11 06:23:10 --> TypeError: url_title(): Argument #1 ($str) must be of type string, null given, called in D:\XAMPP\htdocs\CI4\app\Controllers\barang.php on line 48
[Method: POST, Route: barang/save]
in SYSTEMPATH\Helpers\url_helper.php on line 444.
 1 APPPATH\Controllers\barang.php(48): url_title(null, '-', true)
 2 SYSTEMPATH\CodeIgniter.php(933): App\Controllers\barang->save()
 3 SYSTEMPATH\CodeIgniter.php(507): CodeIgniter\CodeIgniter->runController(Object(App\Controllers\barang))
 4 SYSTEMPATH\CodeIgniter.php(354): CodeIgniter\CodeIgniter->handleRequest(null, Object(Config\Cache), false)
 5 SYSTEMPATH\Boot.php(334): CodeIgniter\CodeIgniter->run()
 6 SYSTEMPATH\Boot.php(67): CodeIgniter\Boot::runCodeIgniter(Object(CodeIgniter\CodeIgniter))
 7 FCPATH\index.php(59): CodeIgniter\Boot::bootWeb(Object(Config\Paths))
 8 SYSTEMPATH\rewrite.php(44): require_once('D:\\XAMPP\\htdocs\\CI4\\public\\index.php')
CRITICAL - 2025-08-11 06:27:02 --> CodeIgniter\Database\Exceptions\DataException: Allowed fields must be specified for model: "App\Models\databarangModel"
[Method: POST, Route: barang/save]
in SYSTEMPATH\Model.php on line 822.
 1 SYSTEMPATH\Model.php(822): CodeIgniter\Database\Exceptions\DataException::forInvalidAllowedFields('App\\Models\\databarangModel')
 2 SYSTEMPATH\BaseModel.php(824): CodeIgniter\Model->doProtectFieldsForInsert([...])
 3 SYSTEMPATH\Model.php(800): CodeIgniter\BaseModel->insert([...], false)
 4 SYSTEMPATH\BaseModel.php(754): CodeIgniter\Model->insert([...], false)
 5 APPPATH\Controllers\barang.php(54): CodeIgniter\BaseModel->save([...])
 6 SYSTEMPATH\CodeIgniter.php(933): App\Controllers\barang->save()
 7 SYSTEMPATH\CodeIgniter.php(507): CodeIgniter\CodeIgniter->runController(Object(App\Controllers\barang))
 8 SYSTEMPATH\CodeIgniter.php(354): CodeIgniter\CodeIgniter->handleRequest(null, Object(Config\Cache), false)
 9 SYSTEMPATH\Boot.php(334): CodeIgniter\CodeIgniter->run()
10 SYSTEMPATH\Boot.php(67): CodeIgniter\Boot::runCodeIgniter(Object(CodeIgniter\CodeIgniter))
11 FCPATH\index.php(59): CodeIgniter\Boot::bootWeb(Object(Config\Paths))
12 SYSTEMPATH\rewrite.php(44): require_once('D:\\XAMPP\\htdocs\\CI4\\public\\index.php')
CRITICAL - 2025-08-11 06:27:58 --> CodeIgniter\Database\Exceptions\DataException: Allowed fields must be specified for model: "App\Models\databarangModel"
[Method: POST, Route: barang/save]
in SYSTEMPATH\Model.php on line 822.
 1 SYSTEMPATH\Model.php(822): CodeIgniter\Database\Exceptions\DataException::forInvalidAllowedFields('App\\Models\\databarangModel')
 2 SYSTEMPATH\BaseModel.php(824): CodeIgniter\Model->doProtectFieldsForInsert([...])
 3 SYSTEMPATH\Model.php(800): CodeIgniter\BaseModel->insert([...], false)
 4 SYSTEMPATH\BaseModel.php(754): CodeIgniter\Model->insert([...], false)
 5 APPPATH\Controllers\barang.php(54): CodeIgniter\BaseModel->save([...])
 6 SYSTEMPATH\CodeIgniter.php(933): App\Controllers\barang->save()
 7 SYSTEMPATH\CodeIgniter.php(507): CodeIgniter\CodeIgniter->runController(Object(App\Controllers\barang))
 8 SYSTEMPATH\CodeIgniter.php(354): CodeIgniter\CodeIgniter->handleRequest(null, Object(Config\Cache), false)
 9 SYSTEMPATH\Boot.php(334): CodeIgniter\CodeIgniter->run()
10 SYSTEMPATH\Boot.php(67): CodeIgniter\Boot::runCodeIgniter(Object(CodeIgniter\CodeIgniter))
11 FCPATH\index.php(59): CodeIgniter\Boot::bootWeb(Object(Config\Paths))
12 SYSTEMPATH\rewrite.php(44): require_once('D:\\XAMPP\\htdocs\\CI4\\public\\index.php')
ERROR - 2025-08-11 06:32:56 --> mysqli_sql_exception: You have an error in your SQL syntax; check the manual that corresponds to your MariaDB server version for the right syntax to use near '`Barang`, `Type`, `Tahun`, `Satuan`, `Jumlah`, `created_at`, `updated_at`) VA...' at line 1 in D:\XAMPP\htdocs\CI4\vendor\codeigniter4\framework\system\Database\MySQLi\Connection.php:327
Stack trace:
#0 D:\XAMPP\htdocs\CI4\vendor\codeigniter4\framework\system\Database\MySQLi\Connection.php(327): mysqli->query('INSERT INTO `da...', 0)
#1 D:\XAMPP\htdocs\CI4\vendor\codeigniter4\framework\system\Database\BaseConnection.php(738): CodeIgniter\Database\MySQLi\Connection->execute('INSERT INTO `da...')
#2 D:\XAMPP\htdocs\CI4\vendor\codeigniter4\framework\system\Database\BaseConnection.php(652): CodeIgniter\Database\BaseConnection->simpleQuery('INSERT INTO `da...')
#3 D:\XAMPP\htdocs\CI4\vendor\codeigniter4\framework\system\Database\BaseBuilder.php(2345): CodeIgniter\Database\BaseConnection->query('INSERT INTO `da...', Array, false)
#4 D:\XAMPP\htdocs\CI4\vendor\codeigniter4\framework\system\Model.php(394): CodeIgniter\Database\BaseBuilder->insert()
#5 D:\XAMPP\htdocs\CI4\vendor\codeigniter4\framework\system\BaseModel.php(843): CodeIgniter\Model->doInsert(Array)
#6 D:\XAMPP\htdocs\CI4\vendor\codeigniter4\framework\system\Model.php(800): CodeIgniter\BaseModel->insert(Array, false)
#7 D:\XAMPP\htdocs\CI4\vendor\codeigniter4\framework\system\BaseModel.php(754): CodeIgniter\Model->insert(Array, false)
#8 D:\XAMPP\htdocs\CI4\app\Controllers\barang.php(54): CodeIgniter\BaseModel->save(Array)
#9 D:\XAMPP\htdocs\CI4\vendor\codeigniter4\framework\system\CodeIgniter.php(933): App\Controllers\barang->save()
#10 D:\XAMPP\htdocs\CI4\vendor\codeigniter4\framework\system\CodeIgniter.php(507): CodeIgniter\CodeIgniter->runController(Object(App\Controllers\barang))
#11 D:\XAMPP\htdocs\CI4\vendor\codeigniter4\framework\system\CodeIgniter.php(354): CodeIgniter\CodeIgniter->handleRequest(NULL, Object(Config\Cache), false)
#12 D:\XAMPP\htdocs\CI4\vendor\codeigniter4\framework\system\Boot.php(334): CodeIgniter\CodeIgniter->run()
#13 D:\XAMPP\htdocs\CI4\vendor\codeigniter4\framework\system\Boot.php(67): CodeIgniter\Boot::runCodeIgniter(Object(CodeIgniter\CodeIgniter))
#14 D:\XAMPP\htdocs\CI4\public\index.php(59): CodeIgniter\Boot::bootWeb(Object(Config\Paths))
#15 D:\XAMPP\htdocs\CI4\vendor\codeigniter4\framework\system\rewrite.php(44): require_once('D:\\XAMPP\\htdocs...')
#16 {main}
CRITICAL - 2025-08-11 06:32:56 --> CodeIgniter\Database\Exceptions\DatabaseException: You have an error in your SQL syntax; check the manual that corresponds to your MariaDB server version for the right syntax to use near '`Barang`, `Type`, `Tahun`, `Satuan`, `Jumlah`, `created_at`, `updated_at`) VA...' at line 1
[Method: POST, Route: barang/save]
in SYSTEMPATH\Database\BaseConnection.php on line 692.
 1 SYSTEMPATH\Database\BaseBuilder.php(2345): CodeIgniter\Database\BaseConnection->query('INSERT INTO `databarang2` (`Nama` `Barang`, `Type`, `Tahun`, `Satuan`, `Jumlah`, `created_at`, `updated_at`) VALUES (:Nama Barang:, :Type:, :Tahun:, :Satuan:, :Jumlah:, :created_at:, :updated_at:)', [...], false)
 2 SYSTEMPATH\Model.php(394): CodeIgniter\Database\BaseBuilder->insert()
 3 SYSTEMPATH\BaseModel.php(843): CodeIgniter\Model->doInsert([...])
 4 SYSTEMPATH\Model.php(800): CodeIgniter\BaseModel->insert([...], false)
 5 SYSTEMPATH\BaseModel.php(754): CodeIgniter\Model->insert([...], false)
 6 APPPATH\Controllers\barang.php(54): CodeIgniter\BaseModel->save([...])
 7 SYSTEMPATH\CodeIgniter.php(933): App\Controllers\barang->save()
 8 SYSTEMPATH\CodeIgniter.php(507): CodeIgniter\CodeIgniter->runController(Object(App\Controllers\barang))
 9 SYSTEMPATH\CodeIgniter.php(354): CodeIgniter\CodeIgniter->handleRequest(null, Object(Config\Cache), false)
10 SYSTEMPATH\Boot.php(334): CodeIgniter\CodeIgniter->run()
11 SYSTEMPATH\Boot.php(67): CodeIgniter\Boot::runCodeIgniter(Object(CodeIgniter\CodeIgniter))
12 FCPATH\index.php(59): CodeIgniter\Boot::bootWeb(Object(Config\Paths))
13 SYSTEMPATH\rewrite.php(44): require_once('D:\\XAMPP\\htdocs\\CI4\\public\\index.php')
CRITICAL - 2025-08-11 06:32:56 --> [Caused by] CodeIgniter\Database\Exceptions\DatabaseException: You have an error in your SQL syntax; check the manual that corresponds to your MariaDB server version for the right syntax to use near '`Barang`, `Type`, `Tahun`, `Satuan`, `Jumlah`, `created_at`, `updated_at`) VA...' at line 1
in SYSTEMPATH\Database\MySQLi\Connection.php on line 332.
 1 SYSTEMPATH\Database\BaseConnection.php(738): CodeIgniter\Database\MySQLi\Connection->execute('INSERT INTO `databarang2` (`Nama` `Barang`, `Type`, `Tahun`, `Satuan`, `Jumlah`, `created_at`, `updated_at`) VALUES (NULL, NULL, NULL, NULL, NULL, \'2025-08-11 06:32:56\', \'2025-08-11 06:32:56\')')
 2 SYSTEMPATH\Database\BaseConnection.php(652): CodeIgniter\Database\BaseConnection->simpleQuery('INSERT INTO `databarang2` (`Nama` `Barang`, `Type`, `Tahun`, `Satuan`, `Jumlah`, `created_at`, `updated_at`) VALUES (NULL, NULL, NULL, NULL, NULL, \'2025-08-11 06:32:56\', \'2025-08-11 06:32:56\')')
 3 SYSTEMPATH\Database\BaseBuilder.php(2345): CodeIgniter\Database\BaseConnection->query('INSERT INTO `databarang2` (`Nama` `Barang`, `Type`, `Tahun`, `Satuan`, `Jumlah`, `created_at`, `updated_at`) VALUES (:Nama Barang:, :Type:, :Tahun:, :Satuan:, :Jumlah:, :created_at:, :updated_at:)', [...], false)
 4 SYSTEMPATH\Model.php(394): CodeIgniter\Database\BaseBuilder->insert()
 5 SYSTEMPATH\BaseModel.php(843): CodeIgniter\Model->doInsert([...])
 6 SYSTEMPATH\Model.php(800): CodeIgniter\BaseModel->insert([...], false)
 7 SYSTEMPATH\BaseModel.php(754): CodeIgniter\Model->insert([...], false)
 8 APPPATH\Controllers\barang.php(54): CodeIgniter\BaseModel->save([...])
 9 SYSTEMPATH\CodeIgniter.php(933): App\Controllers\barang->save()
10 SYSTEMPATH\CodeIgniter.php(507): CodeIgniter\CodeIgniter->runController(Object(App\Controllers\barang))
11 SYSTEMPATH\CodeIgniter.php(354): CodeIgniter\CodeIgniter->handleRequest(null, Object(Config\Cache), false)
12 SYSTEMPATH\Boot.php(334): CodeIgniter\CodeIgniter->run()
13 SYSTEMPATH\Boot.php(67): CodeIgniter\Boot::runCodeIgniter(Object(CodeIgniter\CodeIgniter))
14 FCPATH\index.php(59): CodeIgniter\Boot::bootWeb(Object(Config\Paths))
15 SYSTEMPATH\rewrite.php(44): require_once('D:\\XAMPP\\htdocs\\CI4\\public\\index.php')
CRITICAL - 2025-08-11 06:32:56 --> [Caused by] mysqli_sql_exception: You have an error in your SQL syntax; check the manual that corresponds to your MariaDB server version for the right syntax to use near '`Barang`, `Type`, `Tahun`, `Satuan`, `Jumlah`, `created_at`, `updated_at`) VA...' at line 1
in SYSTEMPATH\Database\MySQLi\Connection.php on line 327.
 1 SYSTEMPATH\Database\MySQLi\Connection.php(327): mysqli->query('INSERT INTO `databarang2` (`Nama` `Barang`, `Type`, `Tahun`, `Satuan`, `Jumlah`, `created_at`, `updated_at`) VALUES (NULL, NULL, NULL, NULL, NULL, \'2025-08-11 06:32:56\', \'2025-08-11 06:32:56\')', 0)
 2 SYSTEMPATH\Database\BaseConnection.php(738): CodeIgniter\Database\MySQLi\Connection->execute('INSERT INTO `databarang2` (`Nama` `Barang`, `Type`, `Tahun`, `Satuan`, `Jumlah`, `created_at`, `updated_at`) VALUES (NULL, NULL, NULL, NULL, NULL, \'2025-08-11 06:32:56\', \'2025-08-11 06:32:56\')')
 3 SYSTEMPATH\Database\BaseConnection.php(652): CodeIgniter\Database\BaseConnection->simpleQuery('INSERT INTO `databarang2` (`Nama` `Barang`, `Type`, `Tahun`, `Satuan`, `Jumlah`, `created_at`, `updated_at`) VALUES (NULL, NULL, NULL, NULL, NULL, \'2025-08-11 06:32:56\', \'2025-08-11 06:32:56\')')
 4 SYSTEMPATH\Database\BaseBuilder.php(2345): CodeIgniter\Database\BaseConnection->query('INSERT INTO `databarang2` (`Nama` `Barang`, `Type`, `Tahun`, `Satuan`, `Jumlah`, `created_at`, `updated_at`) VALUES (:Nama Barang:, :Type:, :Tahun:, :Satuan:, :Jumlah:, :created_at:, :updated_at:)', [...], false)
 5 SYSTEMPATH\Model.php(394): CodeIgniter\Database\BaseBuilder->insert()
 6 SYSTEMPATH\BaseModel.php(843): CodeIgniter\Model->doInsert([...])
 7 SYSTEMPATH\Model.php(800): CodeIgniter\BaseModel->insert([...], false)
 8 SYSTEMPATH\BaseModel.php(754): CodeIgniter\Model->insert([...], false)
 9 APPPATH\Controllers\barang.php(54): CodeIgniter\BaseModel->save([...])
10 SYSTEMPATH\CodeIgniter.php(933): App\Controllers\barang->save()
11 SYSTEMPATH\CodeIgniter.php(507): CodeIgniter\CodeIgniter->runController(Object(App\Controllers\barang))
12 SYSTEMPATH\CodeIgniter.php(354): CodeIgniter\CodeIgniter->handleRequest(null, Object(Config\Cache), false)
13 SYSTEMPATH\Boot.php(334): CodeIgniter\CodeIgniter->run()
14 SYSTEMPATH\Boot.php(67): CodeIgniter\Boot::runCodeIgniter(Object(CodeIgniter\CodeIgniter))
15 FCPATH\index.php(59): CodeIgniter\Boot::bootWeb(Object(Config\Paths))
16 SYSTEMPATH\rewrite.php(44): require_once('D:\\XAMPP\\htdocs\\CI4\\public\\index.php')
CRITICAL - 2025-08-11 06:38:02 --> CodeIgniter\Exceptions\BadMethodCallException: Call to undefined method App\Models\databarangModel::getBarang
[Method: GET, Route: barang]
in SYSTEMPATH\Model.php on line 930.
 1 APPPATH\Controllers\barang.php(20): CodeIgniter\Model->__call('getBarang', [])
 2 SYSTEMPATH\CodeIgniter.php(933): App\Controllers\barang->index()
 3 SYSTEMPATH\CodeIgniter.php(507): CodeIgniter\CodeIgniter->runController(Object(App\Controllers\barang))
 4 SYSTEMPATH\CodeIgniter.php(354): CodeIgniter\CodeIgniter->handleRequest(null, Object(Config\Cache), false)
 5 SYSTEMPATH\Boot.php(334): CodeIgniter\CodeIgniter->run()
 6 SYSTEMPATH\Boot.php(67): CodeIgniter\Boot::runCodeIgniter(Object(CodeIgniter\CodeIgniter))
 7 FCPATH\index.php(59): CodeIgniter\Boot::bootWeb(Object(Config\Paths))
 8 SYSTEMPATH\rewrite.php(44): require_once('D:\\XAMPP\\htdocs\\CI4\\public\\index.php')
CRITICAL - 2025-08-11 06:38:07 --> CodeIgniter\Exceptions\BadMethodCallException: Call to undefined method App\Models\databarangModel::getBarang
[Method: GET, Route: barang]
in SYSTEMPATH\Model.php on line 930.
 1 APPPATH\Controllers\barang.php(20): CodeIgniter\Model->__call('getBarang', [])
 2 SYSTEMPATH\CodeIgniter.php(933): App\Controllers\barang->index()
 3 SYSTEMPATH\CodeIgniter.php(507): CodeIgniter\CodeIgniter->runController(Object(App\Controllers\barang))
 4 SYSTEMPATH\CodeIgniter.php(354): CodeIgniter\CodeIgniter->handleRequest(null, Object(Config\Cache), false)
 5 SYSTEMPATH\Boot.php(334): CodeIgniter\CodeIgniter->run()
 6 SYSTEMPATH\Boot.php(67): CodeIgniter\Boot::runCodeIgniter(Object(CodeIgniter\CodeIgniter))
 7 FCPATH\index.php(59): CodeIgniter\Boot::bootWeb(Object(Config\Paths))
 8 SYSTEMPATH\rewrite.php(44): require_once('D:\\XAMPP\\htdocs\\CI4\\public\\index.php')
CRITICAL - 2025-08-11 06:46:29 --> CodeIgniter\Exceptions\BadMethodCallException: Call to undefined method App\Models\databarangModel::getBarang
[Method: GET, Route: barang]
in SYSTEMPATH\Model.php on line 930.
 1 APPPATH\Controllers\barang.php(20): CodeIgniter\Model->__call('getBarang', [])
 2 SYSTEMPATH\CodeIgniter.php(933): App\Controllers\barang->index()
 3 SYSTEMPATH\CodeIgniter.php(507): CodeIgniter\CodeIgniter->runController(Object(App\Controllers\barang))
 4 SYSTEMPATH\CodeIgniter.php(354): CodeIgniter\CodeIgniter->handleRequest(null, Object(Config\Cache), false)
 5 SYSTEMPATH\Boot.php(334): CodeIgniter\CodeIgniter->run()
 6 SYSTEMPATH\Boot.php(67): CodeIgniter\Boot::runCodeIgniter(Object(CodeIgniter\CodeIgniter))
 7 FCPATH\index.php(59): CodeIgniter\Boot::bootWeb(Object(Config\Paths))
 8 SYSTEMPATH\rewrite.php(44): require_once('D:\\XAMPP\\htdocs\\CI4\\public\\index.php')
CRITICAL - 2025-08-11 06:46:34 --> CodeIgniter\Exceptions\BadMethodCallException: Call to undefined method App\Models\databarangModel::getBarang
[Method: GET, Route: barang]
in SYSTEMPATH\Model.php on line 930.
 1 APPPATH\Controllers\barang.php(20): CodeIgniter\Model->__call('getBarang', [])
 2 SYSTEMPATH\CodeIgniter.php(933): App\Controllers\barang->index()
 3 SYSTEMPATH\CodeIgniter.php(507): CodeIgniter\CodeIgniter->runController(Object(App\Controllers\barang))
 4 SYSTEMPATH\CodeIgniter.php(354): CodeIgniter\CodeIgniter->handleRequest(null, Object(Config\Cache), false)
 5 SYSTEMPATH\Boot.php(334): CodeIgniter\CodeIgniter->run()
 6 SYSTEMPATH\Boot.php(67): CodeIgniter\Boot::runCodeIgniter(Object(CodeIgniter\CodeIgniter))
 7 FCPATH\index.php(59): CodeIgniter\Boot::bootWeb(Object(Config\Paths))
 8 SYSTEMPATH\rewrite.php(44): require_once('D:\\XAMPP\\htdocs\\CI4\\public\\index.php')
CRITICAL - 2025-08-11 06:55:07 --> CodeIgniter\Exceptions\BadMethodCallException: Call to undefined method App\Models\databarangModel::getBarang
[Method: GET, Route: barang]
in SYSTEMPATH\Model.php on line 930.
 1 APPPATH\Controllers\barang.php(20): CodeIgniter\Model->__call('getBarang', [])
 2 SYSTEMPATH\CodeIgniter.php(933): App\Controllers\barang->index()
 3 SYSTEMPATH\CodeIgniter.php(507): CodeIgniter\CodeIgniter->runController(Object(App\Controllers\barang))
 4 SYSTEMPATH\CodeIgniter.php(354): CodeIgniter\CodeIgniter->handleRequest(null, Object(Config\Cache), false)
 5 SYSTEMPATH\Boot.php(334): CodeIgniter\CodeIgniter->run()
 6 SYSTEMPATH\Boot.php(67): CodeIgniter\Boot::runCodeIgniter(Object(CodeIgniter\CodeIgniter))
 7 FCPATH\index.php(59): CodeIgniter\Boot::bootWeb(Object(Config\Paths))
 8 SYSTEMPATH\rewrite.php(44): require_once('D:\\XAMPP\\htdocs\\CI4\\public\\index.php')
CRITICAL - 2025-08-11 06:57:35 --> CodeIgniter\Exceptions\BadMethodCallException: Call to undefined method App\Models\databarangModel::getBarang
[Method: GET, Route: barang]
in SYSTEMPATH\Model.php on line 930.
 1 APPPATH\Controllers\barang.php(20): CodeIgniter\Model->__call('getBarang', [])
 2 SYSTEMPATH\CodeIgniter.php(933): App\Controllers\barang->index()
 3 SYSTEMPATH\CodeIgniter.php(507): CodeIgniter\CodeIgniter->runController(Object(App\Controllers\barang))
 4 SYSTEMPATH\CodeIgniter.php(354): CodeIgniter\CodeIgniter->handleRequest(null, Object(Config\Cache), false)
 5 SYSTEMPATH\Boot.php(334): CodeIgniter\CodeIgniter->run()
 6 SYSTEMPATH\Boot.php(67): CodeIgniter\Boot::runCodeIgniter(Object(CodeIgniter\CodeIgniter))
 7 FCPATH\index.php(59): CodeIgniter\Boot::bootWeb(Object(Config\Paths))
 8 SYSTEMPATH\rewrite.php(44): require_once('D:\\XAMPP\\htdocs\\CI4\\public\\index.php')
CRITICAL - 2025-08-11 07:00:17 --> CodeIgniter\Exceptions\BadMethodCallException: Call to undefined method App\Models\databarangModel::getBarang
[Method: GET, Route: barang]
in SYSTEMPATH\Model.php on line 930.
 1 APPPATH\Controllers\barang.php(20): CodeIgniter\Model->__call('getBarang', [])
 2 SYSTEMPATH\CodeIgniter.php(933): App\Controllers\barang->index()
 3 SYSTEMPATH\CodeIgniter.php(507): CodeIgniter\CodeIgniter->runController(Object(App\Controllers\barang))
 4 SYSTEMPATH\CodeIgniter.php(354): CodeIgniter\CodeIgniter->handleRequest(null, Object(Config\Cache), false)
 5 SYSTEMPATH\Boot.php(334): CodeIgniter\CodeIgniter->run()
 6 SYSTEMPATH\Boot.php(67): CodeIgniter\Boot::runCodeIgniter(Object(CodeIgniter\CodeIgniter))
 7 FCPATH\index.php(59): CodeIgniter\Boot::bootWeb(Object(Config\Paths))
 8 SYSTEMPATH\rewrite.php(44): require_once('D:\\XAMPP\\htdocs\\CI4\\public\\index.php')
CRITICAL - 2025-08-11 07:00:19 --> CodeIgniter\Exceptions\BadMethodCallException: Call to undefined method App\Models\databarangModel::getBarang
[Method: GET, Route: barang]
in SYSTEMPATH\Model.php on line 930.
 1 APPPATH\Controllers\barang.php(20): CodeIgniter\Model->__call('getBarang', [])
 2 SYSTEMPATH\CodeIgniter.php(933): App\Controllers\barang->index()
 3 SYSTEMPATH\CodeIgniter.php(507): CodeIgniter\CodeIgniter->runController(Object(App\Controllers\barang))
 4 SYSTEMPATH\CodeIgniter.php(354): CodeIgniter\CodeIgniter->handleRequest(null, Object(Config\Cache), false)
 5 SYSTEMPATH\Boot.php(334): CodeIgniter\CodeIgniter->run()
 6 SYSTEMPATH\Boot.php(67): CodeIgniter\Boot::runCodeIgniter(Object(CodeIgniter\CodeIgniter))
 7 FCPATH\index.php(59): CodeIgniter\Boot::bootWeb(Object(Config\Paths))
 8 SYSTEMPATH\rewrite.php(44): require_once('D:\\XAMPP\\htdocs\\CI4\\public\\index.php')
CRITICAL - 2025-08-11 07:04:48 --> CodeIgniter\Exceptions\BadMethodCallException: Call to undefined method App\Models\databarangModel::getBarang
[Method: GET, Route: barang]
in SYSTEMPATH\Model.php on line 930.
 1 APPPATH\Controllers\barang.php(20): CodeIgniter\Model->__call('getBarang', [])
 2 SYSTEMPATH\CodeIgniter.php(933): App\Controllers\barang->index()
 3 SYSTEMPATH\CodeIgniter.php(507): CodeIgniter\CodeIgniter->runController(Object(App\Controllers\barang))
 4 SYSTEMPATH\CodeIgniter.php(354): CodeIgniter\CodeIgniter->handleRequest(null, Object(Config\Cache), false)
 5 SYSTEMPATH\Boot.php(334): CodeIgniter\CodeIgniter->run()
 6 SYSTEMPATH\Boot.php(67): CodeIgniter\Boot::runCodeIgniter(Object(CodeIgniter\CodeIgniter))
 7 FCPATH\index.php(59): CodeIgniter\Boot::bootWeb(Object(Config\Paths))
 8 SYSTEMPATH\rewrite.php(44): require_once('D:\\XAMPP\\htdocs\\CI4\\public\\index.php')
CRITICAL - 2025-08-11 07:04:57 --> CodeIgniter\Exceptions\BadMethodCallException: Call to undefined method App\Models\databarangModel::getBarang
[Method: GET, Route: barang]
in SYSTEMPATH\Model.php on line 930.
 1 APPPATH\Controllers\barang.php(20): CodeIgniter\Model->__call('getBarang', [])
 2 SYSTEMPATH\CodeIgniter.php(933): App\Controllers\barang->index()
 3 SYSTEMPATH\CodeIgniter.php(507): CodeIgniter\CodeIgniter->runController(Object(App\Controllers\barang))
 4 SYSTEMPATH\CodeIgniter.php(354): CodeIgniter\CodeIgniter->handleRequest(null, Object(Config\Cache), false)
 5 SYSTEMPATH\Boot.php(334): CodeIgniter\CodeIgniter->run()
 6 SYSTEMPATH\Boot.php(67): CodeIgniter\Boot::runCodeIgniter(Object(CodeIgniter\CodeIgniter))
 7 FCPATH\index.php(59): CodeIgniter\Boot::bootWeb(Object(Config\Paths))
 8 SYSTEMPATH\rewrite.php(44): require_once('D:\\XAMPP\\htdocs\\CI4\\public\\index.php')
CRITICAL - 2025-08-11 07:08:17 --> CodeIgniter\Exceptions\BadMethodCallException: Call to undefined method App\Models\databarangModel::getBarang
[Method: GET, Route: barang]
in SYSTEMPATH\Model.php on line 930.
 1 APPPATH\Controllers\barang.php(20): CodeIgniter\Model->__call('getBarang', [])
 2 SYSTEMPATH\CodeIgniter.php(933): App\Controllers\barang->index()
 3 SYSTEMPATH\CodeIgniter.php(507): CodeIgniter\CodeIgniter->runController(Object(App\Controllers\barang))
 4 SYSTEMPATH\CodeIgniter.php(354): CodeIgniter\CodeIgniter->handleRequest(null, Object(Config\Cache), false)
 5 SYSTEMPATH\Boot.php(334): CodeIgniter\CodeIgniter->run()
 6 SYSTEMPATH\Boot.php(67): CodeIgniter\Boot::runCodeIgniter(Object(CodeIgniter\CodeIgniter))
 7 FCPATH\index.php(59): CodeIgniter\Boot::bootWeb(Object(Config\Paths))
 8 SYSTEMPATH\rewrite.php(44): require_once('D:\\XAMPP\\htdocs\\CI4\\public\\index.php')
CRITICAL - 2025-08-11 07:09:42 --> CodeIgniter\Exceptions\BadMethodCallException: Call to undefined method App\Models\databarangModel::getBarang
[Method: GET, Route: barang]
in SYSTEMPATH\Model.php on line 930.
 1 APPPATH\Controllers\barang.php(21): CodeIgniter\Model->__call('getBarang', [])
 2 SYSTEMPATH\CodeIgniter.php(933): App\Controllers\barang->index()
 3 SYSTEMPATH\CodeIgniter.php(507): CodeIgniter\CodeIgniter->runController(Object(App\Controllers\barang))
 4 SYSTEMPATH\CodeIgniter.php(354): CodeIgniter\CodeIgniter->handleRequest(null, Object(Config\Cache), false)
 5 SYSTEMPATH\Boot.php(334): CodeIgniter\CodeIgniter->run()
 6 SYSTEMPATH\Boot.php(67): CodeIgniter\Boot::runCodeIgniter(Object(CodeIgniter\CodeIgniter))
 7 FCPATH\index.php(59): CodeIgniter\Boot::bootWeb(Object(Config\Paths))
 8 SYSTEMPATH\rewrite.php(44): require_once('D:\\XAMPP\\htdocs\\CI4\\public\\index.php')
CRITICAL - 2025-08-11 07:15:50 --> ErrorException: Undefined array key "Gambar"
[Method: GET, Route: barang]
in APPPATH\Views\barang\index.php on line 24.
 1 APPPATH\Views\barang\index.php(24): CodeIgniter\Debug\Exceptions->errorHandler(2, 'Undefined array key "Gambar"', 'D:\\XAMPP\\htdocs\\CI4\\app\\Views\\barang\\index.php', 24)
 2 SYSTEMPATH\View\View.php(224): include('D:\\XAMPP\\htdocs\\CI4\\app\\Views\\barang\\index.php')
 3 SYSTEMPATH\View\View.php(227): CodeIgniter\View\View->CodeIgniter\View\{closure}()
 4 SYSTEMPATH\Common.php(1173): CodeIgniter\View\View->render('barang/index', [], true)
 5 APPPATH\Controllers\barang.php(26): view('barang/index', [...])
 6 SYSTEMPATH\CodeIgniter.php(933): App\Controllers\barang->index()
 7 SYSTEMPATH\CodeIgniter.php(507): CodeIgniter\CodeIgniter->runController(Object(App\Controllers\barang))
 8 SYSTEMPATH\CodeIgniter.php(354): CodeIgniter\CodeIgniter->handleRequest(null, Object(Config\Cache), false)
 9 SYSTEMPATH\Boot.php(334): CodeIgniter\CodeIgniter->run()
10 SYSTEMPATH\Boot.php(67): CodeIgniter\Boot::runCodeIgniter(Object(CodeIgniter\CodeIgniter))
11 FCPATH\index.php(59): CodeIgniter\Boot::bootWeb(Object(Config\Paths))
12 SYSTEMPATH\rewrite.php(44): require_once('D:\\XAMPP\\htdocs\\CI4\\public\\index.php')
ERROR - 2025-08-11 07:17:30 --> mysqli_sql_exception: Unknown column 'created_at' in 'field list' in D:\XAMPP\htdocs\CI4\vendor\codeigniter4\framework\system\Database\MySQLi\Connection.php:327
Stack trace:
#0 D:\XAMPP\htdocs\CI4\vendor\codeigniter4\framework\system\Database\MySQLi\Connection.php(327): mysqli->query('INSERT INTO `da...', 0)
#1 D:\XAMPP\htdocs\CI4\vendor\codeigniter4\framework\system\Database\BaseConnection.php(738): CodeIgniter\Database\MySQLi\Connection->execute('INSERT INTO `da...')
#2 D:\XAMPP\htdocs\CI4\vendor\codeigniter4\framework\system\Database\BaseConnection.php(652): CodeIgniter\Database\BaseConnection->simpleQuery('INSERT INTO `da...')
#3 D:\XAMPP\htdocs\CI4\vendor\codeigniter4\framework\system\Database\BaseBuilder.php(2345): CodeIgniter\Database\BaseConnection->query('INSERT INTO `da...', Array, false)
#4 D:\XAMPP\htdocs\CI4\vendor\codeigniter4\framework\system\Model.php(394): CodeIgniter\Database\BaseBuilder->insert()
#5 D:\XAMPP\htdocs\CI4\vendor\codeigniter4\framework\system\BaseModel.php(843): CodeIgniter\Model->doInsert(Array)
#6 D:\XAMPP\htdocs\CI4\vendor\codeigniter4\framework\system\Model.php(800): CodeIgniter\BaseModel->insert(Array, false)
#7 D:\XAMPP\htdocs\CI4\vendor\codeigniter4\framework\system\BaseModel.php(754): CodeIgniter\Model->insert(Array, false)
#8 D:\XAMPP\htdocs\CI4\app\Controllers\barang.php(57): CodeIgniter\BaseModel->save(Array)
#9 D:\XAMPP\htdocs\CI4\vendor\codeigniter4\framework\system\CodeIgniter.php(933): App\Controllers\barang->save()
#10 D:\XAMPP\htdocs\CI4\vendor\codeigniter4\framework\system\CodeIgniter.php(507): CodeIgniter\CodeIgniter->runController(Object(App\Controllers\barang))
#11 D:\XAMPP\htdocs\CI4\vendor\codeigniter4\framework\system\CodeIgniter.php(354): CodeIgniter\CodeIgniter->handleRequest(NULL, Object(Config\Cache), false)
#12 D:\XAMPP\htdocs\CI4\vendor\codeigniter4\framework\system\Boot.php(334): CodeIgniter\CodeIgniter->run()
#13 D:\XAMPP\htdocs\CI4\vendor\codeigniter4\framework\system\Boot.php(67): CodeIgniter\Boot::runCodeIgniter(Object(CodeIgniter\CodeIgniter))
#14 D:\XAMPP\htdocs\CI4\public\index.php(59): CodeIgniter\Boot::bootWeb(Object(Config\Paths))
#15 D:\XAMPP\htdocs\CI4\vendor\codeigniter4\framework\system\rewrite.php(44): require_once('D:\\XAMPP\\htdocs...')
#16 {main}
CRITICAL - 2025-08-11 07:17:30 --> CodeIgniter\Database\Exceptions\DatabaseException: Unknown column 'created_at' in 'field list'
[Method: POST, Route: barang/save]
in SYSTEMPATH\Database\BaseConnection.php on line 692.
 1 SYSTEMPATH\Database\BaseBuilder.php(2345): CodeIgniter\Database\BaseConnection->query('INSERT INTO `databarang2` (`nama_barang`, `tipe`, `tahun`, `satuan`, `jumlah`, `gambar`, `created_at`, `updated_at`) VALUES (:nama_barang:, :tipe:, :tahun:, :satuan:, :jumlah:, :gambar:, :created_at:, :updated_at:)', [...], false)
 2 SYSTEMPATH\Model.php(394): CodeIgniter\Database\BaseBuilder->insert()
 3 SYSTEMPATH\BaseModel.php(843): CodeIgniter\Model->doInsert([...])
 4 SYSTEMPATH\Model.php(800): CodeIgniter\BaseModel->insert([...], false)
 5 SYSTEMPATH\BaseModel.php(754): CodeIgniter\Model->insert([...], false)
 6 APPPATH\Controllers\barang.php(57): CodeIgniter\BaseModel->save([...])
 7 SYSTEMPATH\CodeIgniter.php(933): App\Controllers\barang->save()
 8 SYSTEMPATH\CodeIgniter.php(507): CodeIgniter\CodeIgniter->runController(Object(App\Controllers\barang))
 9 SYSTEMPATH\CodeIgniter.php(354): CodeIgniter\CodeIgniter->handleRequest(null, Object(Config\Cache), false)
10 SYSTEMPATH\Boot.php(334): CodeIgniter\CodeIgniter->run()
11 SYSTEMPATH\Boot.php(67): CodeIgniter\Boot::runCodeIgniter(Object(CodeIgniter\CodeIgniter))
12 FCPATH\index.php(59): CodeIgniter\Boot::bootWeb(Object(Config\Paths))
13 SYSTEMPATH\rewrite.php(44): require_once('D:\\XAMPP\\htdocs\\CI4\\public\\index.php')
CRITICAL - 2025-08-11 07:17:30 --> [Caused by] CodeIgniter\Database\Exceptions\DatabaseException: Unknown column 'created_at' in 'field list'
in SYSTEMPATH\Database\MySQLi\Connection.php on line 332.
 1 SYSTEMPATH\Database\BaseConnection.php(738): CodeIgniter\Database\MySQLi\Connection->execute('INSERT INTO `databarang2` (`nama_barang`, `tipe`, `tahun`, `satuan`, `jumlah`, `gambar`, `created_at`, `updated_at`) VALUES (NULL, NULL, NULL, NULL, NULL, NULL, \'2025-08-11 07:17:30\', \'2025-08-11 07:17:30\')')
 2 SYSTEMPATH\Database\BaseConnection.php(652): CodeIgniter\Database\BaseConnection->simpleQuery('INSERT INTO `databarang2` (`nama_barang`, `tipe`, `tahun`, `satuan`, `jumlah`, `gambar`, `created_at`, `updated_at`) VALUES (NULL, NULL, NULL, NULL, NULL, NULL, \'2025-08-11 07:17:30\', \'2025-08-11 07:17:30\')')
 3 SYSTEMPATH\Database\BaseBuilder.php(2345): CodeIgniter\Database\BaseConnection->query('INSERT INTO `databarang2` (`nama_barang`, `tipe`, `tahun`, `satuan`, `jumlah`, `gambar`, `created_at`, `updated_at`) VALUES (:nama_barang:, :tipe:, :tahun:, :satuan:, :jumlah:, :gambar:, :created_at:, :updated_at:)', [...], false)
 4 SYSTEMPATH\Model.php(394): CodeIgniter\Database\BaseBuilder->insert()
 5 SYSTEMPATH\BaseModel.php(843): CodeIgniter\Model->doInsert([...])
 6 SYSTEMPATH\Model.php(800): CodeIgniter\BaseModel->insert([...], false)
 7 SYSTEMPATH\BaseModel.php(754): CodeIgniter\Model->insert([...], false)
 8 APPPATH\Controllers\barang.php(57): CodeIgniter\BaseModel->save([...])
 9 SYSTEMPATH\CodeIgniter.php(933): App\Controllers\barang->save()
10 SYSTEMPATH\CodeIgniter.php(507): CodeIgniter\CodeIgniter->runController(Object(App\Controllers\barang))
11 SYSTEMPATH\CodeIgniter.php(354): CodeIgniter\CodeIgniter->handleRequest(null, Object(Config\Cache), false)
12 SYSTEMPATH\Boot.php(334): CodeIgniter\CodeIgniter->run()
13 SYSTEMPATH\Boot.php(67): CodeIgniter\Boot::runCodeIgniter(Object(CodeIgniter\CodeIgniter))
14 FCPATH\index.php(59): CodeIgniter\Boot::bootWeb(Object(Config\Paths))
15 SYSTEMPATH\rewrite.php(44): require_once('D:\\XAMPP\\htdocs\\CI4\\public\\index.php')
CRITICAL - 2025-08-11 07:17:30 --> [Caused by] mysqli_sql_exception: Unknown column 'created_at' in 'field list'
in SYSTEMPATH\Database\MySQLi\Connection.php on line 327.
 1 SYSTEMPATH\Database\MySQLi\Connection.php(327): mysqli->query('INSERT INTO `databarang2` (`nama_barang`, `tipe`, `tahun`, `satuan`, `jumlah`, `gambar`, `created_at`, `updated_at`) VALUES (NULL, NULL, NULL, NULL, NULL, NULL, \'2025-08-11 07:17:30\', \'2025-08-11 07:17:30\')', 0)
 2 SYSTEMPATH\Database\BaseConnection.php(738): CodeIgniter\Database\MySQLi\Connection->execute('INSERT INTO `databarang2` (`nama_barang`, `tipe`, `tahun`, `satuan`, `jumlah`, `gambar`, `created_at`, `updated_at`) VALUES (NULL, NULL, NULL, NULL, NULL, NULL, \'2025-08-11 07:17:30\', \'2025-08-11 07:17:30\')')
 3 SYSTEMPATH\Database\BaseConnection.php(652): CodeIgniter\Database\BaseConnection->simpleQuery('INSERT INTO `databarang2` (`nama_barang`, `tipe`, `tahun`, `satuan`, `jumlah`, `gambar`, `created_at`, `updated_at`) VALUES (NULL, NULL, NULL, NULL, NULL, NULL, \'2025-08-11 07:17:30\', \'2025-08-11 07:17:30\')')
 4 SYSTEMPATH\Database\BaseBuilder.php(2345): CodeIgniter\Database\BaseConnection->query('INSERT INTO `databarang2` (`nama_barang`, `tipe`, `tahun`, `satuan`, `jumlah`, `gambar`, `created_at`, `updated_at`) VALUES (:nama_barang:, :tipe:, :tahun:, :satuan:, :jumlah:, :gambar:, :created_at:, :updated_at:)', [...], false)
 5 SYSTEMPATH\Model.php(394): CodeIgniter\Database\BaseBuilder->insert()
 6 SYSTEMPATH\BaseModel.php(843): CodeIgniter\Model->doInsert([...])
 7 SYSTEMPATH\Model.php(800): CodeIgniter\BaseModel->insert([...], false)
 8 SYSTEMPATH\BaseModel.php(754): CodeIgniter\Model->insert([...], false)
 9 APPPATH\Controllers\barang.php(57): CodeIgniter\BaseModel->save([...])
10 SYSTEMPATH\CodeIgniter.php(933): App\Controllers\barang->save()
11 SYSTEMPATH\CodeIgniter.php(507): CodeIgniter\CodeIgniter->runController(Object(App\Controllers\barang))
12 SYSTEMPATH\CodeIgniter.php(354): CodeIgniter\CodeIgniter->handleRequest(null, Object(Config\Cache), false)
13 SYSTEMPATH\Boot.php(334): CodeIgniter\CodeIgniter->run()
14 SYSTEMPATH\Boot.php(67): CodeIgniter\Boot::runCodeIgniter(Object(CodeIgniter\CodeIgniter))
15 FCPATH\index.php(59): CodeIgniter\Boot::bootWeb(Object(Config\Paths))
16 SYSTEMPATH\rewrite.php(44): require_once('D:\\XAMPP\\htdocs\\CI4\\public\\index.php')
ERROR - 2025-08-11 07:23:57 --> mysqli_sql_exception: Column 'nama_barang' cannot be null in D:\XAMPP\htdocs\CI4\vendor\codeigniter4\framework\system\Database\MySQLi\Connection.php:327
Stack trace:
#0 D:\XAMPP\htdocs\CI4\vendor\codeigniter4\framework\system\Database\MySQLi\Connection.php(327): mysqli->query('INSERT INTO `da...', 0)
#1 D:\XAMPP\htdocs\CI4\vendor\codeigniter4\framework\system\Database\BaseConnection.php(738): CodeIgniter\Database\MySQLi\Connection->execute('INSERT INTO `da...')
#2 D:\XAMPP\htdocs\CI4\vendor\codeigniter4\framework\system\Database\BaseConnection.php(652): CodeIgniter\Database\BaseConnection->simpleQuery('INSERT INTO `da...')
#3 D:\XAMPP\htdocs\CI4\vendor\codeigniter4\framework\system\Database\BaseBuilder.php(2345): CodeIgniter\Database\BaseConnection->query('INSERT INTO `da...', Array, false)
#4 D:\XAMPP\htdocs\CI4\vendor\codeigniter4\framework\system\Model.php(394): CodeIgniter\Database\BaseBuilder->insert()
#5 D:\XAMPP\htdocs\CI4\vendor\codeigniter4\framework\system\BaseModel.php(843): CodeIgniter\Model->doInsert(Array)
#6 D:\XAMPP\htdocs\CI4\vendor\codeigniter4\framework\system\Model.php(800): CodeIgniter\BaseModel->insert(Array, false)
#7 D:\XAMPP\htdocs\CI4\vendor\codeigniter4\framework\system\BaseModel.php(754): CodeIgniter\Model->insert(Array, false)
#8 D:\XAMPP\htdocs\CI4\app\Controllers\barang.php(57): CodeIgniter\BaseModel->save(Array)
#9 D:\XAMPP\htdocs\CI4\vendor\codeigniter4\framework\system\CodeIgniter.php(933): App\Controllers\barang->save()
#10 D:\XAMPP\htdocs\CI4\vendor\codeigniter4\framework\system\CodeIgniter.php(507): CodeIgniter\CodeIgniter->runController(Object(App\Controllers\barang))
#11 D:\XAMPP\htdocs\CI4\vendor\codeigniter4\framework\system\CodeIgniter.php(354): CodeIgniter\CodeIgniter->handleRequest(NULL, Object(Config\Cache), false)
#12 D:\XAMPP\htdocs\CI4\vendor\codeigniter4\framework\system\Boot.php(334): CodeIgniter\CodeIgniter->run()
#13 D:\XAMPP\htdocs\CI4\vendor\codeigniter4\framework\system\Boot.php(67): CodeIgniter\Boot::runCodeIgniter(Object(CodeIgniter\CodeIgniter))
#14 D:\XAMPP\htdocs\CI4\public\index.php(59): CodeIgniter\Boot::bootWeb(Object(Config\Paths))
#15 D:\XAMPP\htdocs\CI4\vendor\codeigniter4\framework\system\rewrite.php(44): require_once('D:\\XAMPP\\htdocs...')
#16 {main}
CRITICAL - 2025-08-11 07:23:57 --> CodeIgniter\Database\Exceptions\DatabaseException: Column 'nama_barang' cannot be null
[Method: POST, Route: barang/save]
in SYSTEMPATH\Database\BaseConnection.php on line 692.
 1 SYSTEMPATH\Database\BaseBuilder.php(2345): CodeIgniter\Database\BaseConnection->query('INSERT INTO `databarang2` (`nama_barang`, `tipe`, `tahun`, `satuan`, `jumlah`, `gambar`) VALUES (:nama_barang:, :tipe:, :tahun:, :satuan:, :jumlah:, :gambar:)', [...], false)
 2 SYSTEMPATH\Model.php(394): CodeIgniter\Database\BaseBuilder->insert()
 3 SYSTEMPATH\BaseModel.php(843): CodeIgniter\Model->doInsert([...])
 4 SYSTEMPATH\Model.php(800): CodeIgniter\BaseModel->insert([...], false)
 5 SYSTEMPATH\BaseModel.php(754): CodeIgniter\Model->insert([...], false)
 6 APPPATH\Controllers\barang.php(57): CodeIgniter\BaseModel->save([...])
 7 SYSTEMPATH\CodeIgniter.php(933): App\Controllers\barang->save()
 8 SYSTEMPATH\CodeIgniter.php(507): CodeIgniter\CodeIgniter->runController(Object(App\Controllers\barang))
 9 SYSTEMPATH\CodeIgniter.php(354): CodeIgniter\CodeIgniter->handleRequest(null, Object(Config\Cache), false)
10 SYSTEMPATH\Boot.php(334): CodeIgniter\CodeIgniter->run()
11 SYSTEMPATH\Boot.php(67): CodeIgniter\Boot::runCodeIgniter(Object(CodeIgniter\CodeIgniter))
12 FCPATH\index.php(59): CodeIgniter\Boot::bootWeb(Object(Config\Paths))
13 SYSTEMPATH\rewrite.php(44): require_once('D:\\XAMPP\\htdocs\\CI4\\public\\index.php')
CRITICAL - 2025-08-11 07:23:57 --> [Caused by] CodeIgniter\Database\Exceptions\DatabaseException: Column 'nama_barang' cannot be null
in SYSTEMPATH\Database\MySQLi\Connection.php on line 332.
 1 SYSTEMPATH\Database\BaseConnection.php(738): CodeIgniter\Database\MySQLi\Connection->execute('INSERT INTO `databarang2` (`nama_barang`, `tipe`, `tahun`, `satuan`, `jumlah`, `gambar`) VALUES (NULL, NULL, NULL, NULL, NULL, NULL)')
 2 SYSTEMPATH\Database\BaseConnection.php(652): CodeIgniter\Database\BaseConnection->simpleQuery('INSERT INTO `databarang2` (`nama_barang`, `tipe`, `tahun`, `satuan`, `jumlah`, `gambar`) VALUES (NULL, NULL, NULL, NULL, NULL, NULL)')
 3 SYSTEMPATH\Database\BaseBuilder.php(2345): CodeIgniter\Database\BaseConnection->query('INSERT INTO `databarang2` (`nama_barang`, `tipe`, `tahun`, `satuan`, `jumlah`, `gambar`) VALUES (:nama_barang:, :tipe:, :tahun:, :satuan:, :jumlah:, :gambar:)', [...], false)
 4 SYSTEMPATH\Model.php(394): CodeIgniter\Database\BaseBuilder->insert()
 5 SYSTEMPATH\BaseModel.php(843): CodeIgniter\Model->doInsert([...])
 6 SYSTEMPATH\Model.php(800): CodeIgniter\BaseModel->insert([...], false)
 7 SYSTEMPATH\BaseModel.php(754): CodeIgniter\Model->insert([...], false)
 8 APPPATH\Controllers\barang.php(57): CodeIgniter\BaseModel->save([...])
 9 SYSTEMPATH\CodeIgniter.php(933): App\Controllers\barang->save()
10 SYSTEMPATH\CodeIgniter.php(507): CodeIgniter\CodeIgniter->runController(Object(App\Controllers\barang))
11 SYSTEMPATH\CodeIgniter.php(354): CodeIgniter\CodeIgniter->handleRequest(null, Object(Config\Cache), false)
12 SYSTEMPATH\Boot.php(334): CodeIgniter\CodeIgniter->run()
13 SYSTEMPATH\Boot.php(67): CodeIgniter\Boot::runCodeIgniter(Object(CodeIgniter\CodeIgniter))
14 FCPATH\index.php(59): CodeIgniter\Boot::bootWeb(Object(Config\Paths))
15 SYSTEMPATH\rewrite.php(44): require_once('D:\\XAMPP\\htdocs\\CI4\\public\\index.php')
CRITICAL - 2025-08-11 07:23:57 --> [Caused by] mysqli_sql_exception: Column 'nama_barang' cannot be null
in SYSTEMPATH\Database\MySQLi\Connection.php on line 327.
 1 SYSTEMPATH\Database\MySQLi\Connection.php(327): mysqli->query('INSERT INTO `databarang2` (`nama_barang`, `tipe`, `tahun`, `satuan`, `jumlah`, `gambar`) VALUES (NULL, NULL, NULL, NULL, NULL, NULL)', 0)
 2 SYSTEMPATH\Database\BaseConnection.php(738): CodeIgniter\Database\MySQLi\Connection->execute('INSERT INTO `databarang2` (`nama_barang`, `tipe`, `tahun`, `satuan`, `jumlah`, `gambar`) VALUES (NULL, NULL, NULL, NULL, NULL, NULL)')
 3 SYSTEMPATH\Database\BaseConnection.php(652): CodeIgniter\Database\BaseConnection->simpleQuery('INSERT INTO `databarang2` (`nama_barang`, `tipe`, `tahun`, `satuan`, `jumlah`, `gambar`) VALUES (NULL, NULL, NULL, NULL, NULL, NULL)')
 4 SYSTEMPATH\Database\BaseBuilder.php(2345): CodeIgniter\Database\BaseConnection->query('INSERT INTO `databarang2` (`nama_barang`, `tipe`, `tahun`, `satuan`, `jumlah`, `gambar`) VALUES (:nama_barang:, :tipe:, :tahun:, :satuan:, :jumlah:, :gambar:)', [...], false)
 5 SYSTEMPATH\Model.php(394): CodeIgniter\Database\BaseBuilder->insert()
 6 SYSTEMPATH\BaseModel.php(843): CodeIgniter\Model->doInsert([...])
 7 SYSTEMPATH\Model.php(800): CodeIgniter\BaseModel->insert([...], false)
 8 SYSTEMPATH\BaseModel.php(754): CodeIgniter\Model->insert([...], false)
 9 APPPATH\Controllers\barang.php(57): CodeIgniter\BaseModel->save([...])
10 SYSTEMPATH\CodeIgniter.php(933): App\Controllers\barang->save()
11 SYSTEMPATH\CodeIgniter.php(507): CodeIgniter\CodeIgniter->runController(Object(App\Controllers\barang))
12 SYSTEMPATH\CodeIgniter.php(354): CodeIgniter\CodeIgniter->handleRequest(null, Object(Config\Cache), false)
13 SYSTEMPATH\Boot.php(334): CodeIgniter\CodeIgniter->run()
14 SYSTEMPATH\Boot.php(67): CodeIgniter\Boot::runCodeIgniter(Object(CodeIgniter\CodeIgniter))
15 FCPATH\index.php(59): CodeIgniter\Boot::bootWeb(Object(Config\Paths))
16 SYSTEMPATH\rewrite.php(44): require_once('D:\\XAMPP\\htdocs\\CI4\\public\\index.php')
ERROR - 2025-08-11 07:24:03 --> mysqli_sql_exception: Column 'nama_barang' cannot be null in D:\XAMPP\htdocs\CI4\vendor\codeigniter4\framework\system\Database\MySQLi\Connection.php:327
Stack trace:
#0 D:\XAMPP\htdocs\CI4\vendor\codeigniter4\framework\system\Database\MySQLi\Connection.php(327): mysqli->query('INSERT INTO `da...', 0)
#1 D:\XAMPP\htdocs\CI4\vendor\codeigniter4\framework\system\Database\BaseConnection.php(738): CodeIgniter\Database\MySQLi\Connection->execute('INSERT INTO `da...')
#2 D:\XAMPP\htdocs\CI4\vendor\codeigniter4\framework\system\Database\BaseConnection.php(652): CodeIgniter\Database\BaseConnection->simpleQuery('INSERT INTO `da...')
#3 D:\XAMPP\htdocs\CI4\vendor\codeigniter4\framework\system\Database\BaseBuilder.php(2345): CodeIgniter\Database\BaseConnection->query('INSERT INTO `da...', Array, false)
#4 D:\XAMPP\htdocs\CI4\vendor\codeigniter4\framework\system\Model.php(394): CodeIgniter\Database\BaseBuilder->insert()
#5 D:\XAMPP\htdocs\CI4\vendor\codeigniter4\framework\system\BaseModel.php(843): CodeIgniter\Model->doInsert(Array)
#6 D:\XAMPP\htdocs\CI4\vendor\codeigniter4\framework\system\Model.php(800): CodeIgniter\BaseModel->insert(Array, false)
#7 D:\XAMPP\htdocs\CI4\vendor\codeigniter4\framework\system\BaseModel.php(754): CodeIgniter\Model->insert(Array, false)
#8 D:\XAMPP\htdocs\CI4\app\Controllers\barang.php(57): CodeIgniter\BaseModel->save(Array)
#9 D:\XAMPP\htdocs\CI4\vendor\codeigniter4\framework\system\CodeIgniter.php(933): App\Controllers\barang->save()
#10 D:\XAMPP\htdocs\CI4\vendor\codeigniter4\framework\system\CodeIgniter.php(507): CodeIgniter\CodeIgniter->runController(Object(App\Controllers\barang))
#11 D:\XAMPP\htdocs\CI4\vendor\codeigniter4\framework\system\CodeIgniter.php(354): CodeIgniter\CodeIgniter->handleRequest(NULL, Object(Config\Cache), false)
#12 D:\XAMPP\htdocs\CI4\vendor\codeigniter4\framework\system\Boot.php(334): CodeIgniter\CodeIgniter->run()
#13 D:\XAMPP\htdocs\CI4\vendor\codeigniter4\framework\system\Boot.php(67): CodeIgniter\Boot::runCodeIgniter(Object(CodeIgniter\CodeIgniter))
#14 D:\XAMPP\htdocs\CI4\public\index.php(59): CodeIgniter\Boot::bootWeb(Object(Config\Paths))
#15 D:\XAMPP\htdocs\CI4\vendor\codeigniter4\framework\system\rewrite.php(44): require_once('D:\\XAMPP\\htdocs...')
#16 {main}
CRITICAL - 2025-08-11 07:24:03 --> CodeIgniter\Database\Exceptions\DatabaseException: Column 'nama_barang' cannot be null
[Method: POST, Route: barang/save]
in SYSTEMPATH\Database\BaseConnection.php on line 692.
 1 SYSTEMPATH\Database\BaseBuilder.php(2345): CodeIgniter\Database\BaseConnection->query('INSERT INTO `databarang2` (`nama_barang`, `tipe`, `tahun`, `satuan`, `jumlah`, `gambar`) VALUES (:nama_barang:, :tipe:, :tahun:, :satuan:, :jumlah:, :gambar:)', [...], false)
 2 SYSTEMPATH\Model.php(394): CodeIgniter\Database\BaseBuilder->insert()
 3 SYSTEMPATH\BaseModel.php(843): CodeIgniter\Model->doInsert([...])
 4 SYSTEMPATH\Model.php(800): CodeIgniter\BaseModel->insert([...], false)
 5 SYSTEMPATH\BaseModel.php(754): CodeIgniter\Model->insert([...], false)
 6 APPPATH\Controllers\barang.php(57): CodeIgniter\BaseModel->save([...])
 7 SYSTEMPATH\CodeIgniter.php(933): App\Controllers\barang->save()
 8 SYSTEMPATH\CodeIgniter.php(507): CodeIgniter\CodeIgniter->runController(Object(App\Controllers\barang))
 9 SYSTEMPATH\CodeIgniter.php(354): CodeIgniter\CodeIgniter->handleRequest(null, Object(Config\Cache), false)
10 SYSTEMPATH\Boot.php(334): CodeIgniter\CodeIgniter->run()
11 SYSTEMPATH\Boot.php(67): CodeIgniter\Boot::runCodeIgniter(Object(CodeIgniter\CodeIgniter))
12 FCPATH\index.php(59): CodeIgniter\Boot::bootWeb(Object(Config\Paths))
13 SYSTEMPATH\rewrite.php(44): require_once('D:\\XAMPP\\htdocs\\CI4\\public\\index.php')
CRITICAL - 2025-08-11 07:24:03 --> [Caused by] CodeIgniter\Database\Exceptions\DatabaseException: Column 'nama_barang' cannot be null
in SYSTEMPATH\Database\MySQLi\Connection.php on line 332.
 1 SYSTEMPATH\Database\BaseConnection.php(738): CodeIgniter\Database\MySQLi\Connection->execute('INSERT INTO `databarang2` (`nama_barang`, `tipe`, `tahun`, `satuan`, `jumlah`, `gambar`) VALUES (NULL, NULL, NULL, NULL, NULL, NULL)')
 2 SYSTEMPATH\Database\BaseConnection.php(652): CodeIgniter\Database\BaseConnection->simpleQuery('INSERT INTO `databarang2` (`nama_barang`, `tipe`, `tahun`, `satuan`, `jumlah`, `gambar`) VALUES (NULL, NULL, NULL, NULL, NULL, NULL)')
 3 SYSTEMPATH\Database\BaseBuilder.php(2345): CodeIgniter\Database\BaseConnection->query('INSERT INTO `databarang2` (`nama_barang`, `tipe`, `tahun`, `satuan`, `jumlah`, `gambar`) VALUES (:nama_barang:, :tipe:, :tahun:, :satuan:, :jumlah:, :gambar:)', [...], false)
 4 SYSTEMPATH\Model.php(394): CodeIgniter\Database\BaseBuilder->insert()
 5 SYSTEMPATH\BaseModel.php(843): CodeIgniter\Model->doInsert([...])
 6 SYSTEMPATH\Model.php(800): CodeIgniter\BaseModel->insert([...], false)
 7 SYSTEMPATH\BaseModel.php(754): CodeIgniter\Model->insert([...], false)
 8 APPPATH\Controllers\barang.php(57): CodeIgniter\BaseModel->save([...])
 9 SYSTEMPATH\CodeIgniter.php(933): App\Controllers\barang->save()
10 SYSTEMPATH\CodeIgniter.php(507): CodeIgniter\CodeIgniter->runController(Object(App\Controllers\barang))
11 SYSTEMPATH\CodeIgniter.php(354): CodeIgniter\CodeIgniter->handleRequest(null, Object(Config\Cache), false)
12 SYSTEMPATH\Boot.php(334): CodeIgniter\CodeIgniter->run()
13 SYSTEMPATH\Boot.php(67): CodeIgniter\Boot::runCodeIgniter(Object(CodeIgniter\CodeIgniter))
14 FCPATH\index.php(59): CodeIgniter\Boot::bootWeb(Object(Config\Paths))
15 SYSTEMPATH\rewrite.php(44): require_once('D:\\XAMPP\\htdocs\\CI4\\public\\index.php')
CRITICAL - 2025-08-11 07:24:03 --> [Caused by] mysqli_sql_exception: Column 'nama_barang' cannot be null
in SYSTEMPATH\Database\MySQLi\Connection.php on line 327.
 1 SYSTEMPATH\Database\MySQLi\Connection.php(327): mysqli->query('INSERT INTO `databarang2` (`nama_barang`, `tipe`, `tahun`, `satuan`, `jumlah`, `gambar`) VALUES (NULL, NULL, NULL, NULL, NULL, NULL)', 0)
 2 SYSTEMPATH\Database\BaseConnection.php(738): CodeIgniter\Database\MySQLi\Connection->execute('INSERT INTO `databarang2` (`nama_barang`, `tipe`, `tahun`, `satuan`, `jumlah`, `gambar`) VALUES (NULL, NULL, NULL, NULL, NULL, NULL)')
 3 SYSTEMPATH\Database\BaseConnection.php(652): CodeIgniter\Database\BaseConnection->simpleQuery('INSERT INTO `databarang2` (`nama_barang`, `tipe`, `tahun`, `satuan`, `jumlah`, `gambar`) VALUES (NULL, NULL, NULL, NULL, NULL, NULL)')
 4 SYSTEMPATH\Database\BaseBuilder.php(2345): CodeIgniter\Database\BaseConnection->query('INSERT INTO `databarang2` (`nama_barang`, `tipe`, `tahun`, `satuan`, `jumlah`, `gambar`) VALUES (:nama_barang:, :tipe:, :tahun:, :satuan:, :jumlah:, :gambar:)', [...], false)
 5 SYSTEMPATH\Model.php(394): CodeIgniter\Database\BaseBuilder->insert()
 6 SYSTEMPATH\BaseModel.php(843): CodeIgniter\Model->doInsert([...])
 7 SYSTEMPATH\Model.php(800): CodeIgniter\BaseModel->insert([...], false)
 8 SYSTEMPATH\BaseModel.php(754): CodeIgniter\Model->insert([...], false)
 9 APPPATH\Controllers\barang.php(57): CodeIgniter\BaseModel->save([...])
10 SYSTEMPATH\CodeIgniter.php(933): App\Controllers\barang->save()
11 SYSTEMPATH\CodeIgniter.php(507): CodeIgniter\CodeIgniter->runController(Object(App\Controllers\barang))
12 SYSTEMPATH\CodeIgniter.php(354): CodeIgniter\CodeIgniter->handleRequest(null, Object(Config\Cache), false)
13 SYSTEMPATH\Boot.php(334): CodeIgniter\CodeIgniter->run()
14 SYSTEMPATH\Boot.php(67): CodeIgniter\Boot::runCodeIgniter(Object(CodeIgniter\CodeIgniter))
15 FCPATH\index.php(59): CodeIgniter\Boot::bootWeb(Object(Config\Paths))
16 SYSTEMPATH\rewrite.php(44): require_once('D:\\XAMPP\\htdocs\\CI4\\public\\index.php')
ERROR - 2025-08-11 07:24:18 --> mysqli_sql_exception: Column 'nama_barang' cannot be null in D:\XAMPP\htdocs\CI4\vendor\codeigniter4\framework\system\Database\MySQLi\Connection.php:327
Stack trace:
#0 D:\XAMPP\htdocs\CI4\vendor\codeigniter4\framework\system\Database\MySQLi\Connection.php(327): mysqli->query('INSERT INTO `da...', 0)
#1 D:\XAMPP\htdocs\CI4\vendor\codeigniter4\framework\system\Database\BaseConnection.php(738): CodeIgniter\Database\MySQLi\Connection->execute('INSERT INTO `da...')
#2 D:\XAMPP\htdocs\CI4\vendor\codeigniter4\framework\system\Database\BaseConnection.php(652): CodeIgniter\Database\BaseConnection->simpleQuery('INSERT INTO `da...')
#3 D:\XAMPP\htdocs\CI4\vendor\codeigniter4\framework\system\Database\BaseBuilder.php(2345): CodeIgniter\Database\BaseConnection->query('INSERT INTO `da...', Array, false)
#4 D:\XAMPP\htdocs\CI4\vendor\codeigniter4\framework\system\Model.php(394): CodeIgniter\Database\BaseBuilder->insert()
#5 D:\XAMPP\htdocs\CI4\vendor\codeigniter4\framework\system\BaseModel.php(843): CodeIgniter\Model->doInsert(Array)
#6 D:\XAMPP\htdocs\CI4\vendor\codeigniter4\framework\system\Model.php(800): CodeIgniter\BaseModel->insert(Array, false)
#7 D:\XAMPP\htdocs\CI4\vendor\codeigniter4\framework\system\BaseModel.php(754): CodeIgniter\Model->insert(Array, false)
#8 D:\XAMPP\htdocs\CI4\app\Controllers\barang.php(57): CodeIgniter\BaseModel->save(Array)
#9 D:\XAMPP\htdocs\CI4\vendor\codeigniter4\framework\system\CodeIgniter.php(933): App\Controllers\barang->save()
#10 D:\XAMPP\htdocs\CI4\vendor\codeigniter4\framework\system\CodeIgniter.php(507): CodeIgniter\CodeIgniter->runController(Object(App\Controllers\barang))
#11 D:\XAMPP\htdocs\CI4\vendor\codeigniter4\framework\system\CodeIgniter.php(354): CodeIgniter\CodeIgniter->handleRequest(NULL, Object(Config\Cache), false)
#12 D:\XAMPP\htdocs\CI4\vendor\codeigniter4\framework\system\Boot.php(334): CodeIgniter\CodeIgniter->run()
#13 D:\XAMPP\htdocs\CI4\vendor\codeigniter4\framework\system\Boot.php(67): CodeIgniter\Boot::runCodeIgniter(Object(CodeIgniter\CodeIgniter))
#14 D:\XAMPP\htdocs\CI4\public\index.php(59): CodeIgniter\Boot::bootWeb(Object(Config\Paths))
#15 D:\XAMPP\htdocs\CI4\vendor\codeigniter4\framework\system\rewrite.php(44): require_once('D:\\XAMPP\\htdocs...')
#16 {main}
CRITICAL - 2025-08-11 07:24:18 --> CodeIgniter\Database\Exceptions\DatabaseException: Column 'nama_barang' cannot be null
[Method: POST, Route: barang/save]
in SYSTEMPATH\Database\BaseConnection.php on line 692.
 1 SYSTEMPATH\Database\BaseBuilder.php(2345): CodeIgniter\Database\BaseConnection->query('INSERT INTO `databarang2` (`nama_barang`, `tipe`, `tahun`, `satuan`, `jumlah`, `gambar`) VALUES (:nama_barang:, :tipe:, :tahun:, :satuan:, :jumlah:, :gambar:)', [...], false)
 2 SYSTEMPATH\Model.php(394): CodeIgniter\Database\BaseBuilder->insert()
 3 SYSTEMPATH\BaseModel.php(843): CodeIgniter\Model->doInsert([...])
 4 SYSTEMPATH\Model.php(800): CodeIgniter\BaseModel->insert([...], false)
 5 SYSTEMPATH\BaseModel.php(754): CodeIgniter\Model->insert([...], false)
 6 APPPATH\Controllers\barang.php(57): CodeIgniter\BaseModel->save([...])
 7 SYSTEMPATH\CodeIgniter.php(933): App\Controllers\barang->save()
 8 SYSTEMPATH\CodeIgniter.php(507): CodeIgniter\CodeIgniter->runController(Object(App\Controllers\barang))
 9 SYSTEMPATH\CodeIgniter.php(354): CodeIgniter\CodeIgniter->handleRequest(null, Object(Config\Cache), false)
10 SYSTEMPATH\Boot.php(334): CodeIgniter\CodeIgniter->run()
11 SYSTEMPATH\Boot.php(67): CodeIgniter\Boot::runCodeIgniter(Object(CodeIgniter\CodeIgniter))
12 FCPATH\index.php(59): CodeIgniter\Boot::bootWeb(Object(Config\Paths))
13 SYSTEMPATH\rewrite.php(44): require_once('D:\\XAMPP\\htdocs\\CI4\\public\\index.php')
CRITICAL - 2025-08-11 07:24:18 --> [Caused by] CodeIgniter\Database\Exceptions\DatabaseException: Column 'nama_barang' cannot be null
in SYSTEMPATH\Database\MySQLi\Connection.php on line 332.
 1 SYSTEMPATH\Database\BaseConnection.php(738): CodeIgniter\Database\MySQLi\Connection->execute('INSERT INTO `databarang2` (`nama_barang`, `tipe`, `tahun`, `satuan`, `jumlah`, `gambar`) VALUES (NULL, NULL, NULL, NULL, NULL, NULL)')
 2 SYSTEMPATH\Database\BaseConnection.php(652): CodeIgniter\Database\BaseConnection->simpleQuery('INSERT INTO `databarang2` (`nama_barang`, `tipe`, `tahun`, `satuan`, `jumlah`, `gambar`) VALUES (NULL, NULL, NULL, NULL, NULL, NULL)')
 3 SYSTEMPATH\Database\BaseBuilder.php(2345): CodeIgniter\Database\BaseConnection->query('INSERT INTO `databarang2` (`nama_barang`, `tipe`, `tahun`, `satuan`, `jumlah`, `gambar`) VALUES (:nama_barang:, :tipe:, :tahun:, :satuan:, :jumlah:, :gambar:)', [...], false)
 4 SYSTEMPATH\Model.php(394): CodeIgniter\Database\BaseBuilder->insert()
 5 SYSTEMPATH\BaseModel.php(843): CodeIgniter\Model->doInsert([...])
 6 SYSTEMPATH\Model.php(800): CodeIgniter\BaseModel->insert([...], false)
 7 SYSTEMPATH\BaseModel.php(754): CodeIgniter\Model->insert([...], false)
 8 APPPATH\Controllers\barang.php(57): CodeIgniter\BaseModel->save([...])
 9 SYSTEMPATH\CodeIgniter.php(933): App\Controllers\barang->save()
10 SYSTEMPATH\CodeIgniter.php(507): CodeIgniter\CodeIgniter->runController(Object(App\Controllers\barang))
11 SYSTEMPATH\CodeIgniter.php(354): CodeIgniter\CodeIgniter->handleRequest(null, Object(Config\Cache), false)
12 SYSTEMPATH\Boot.php(334): CodeIgniter\CodeIgniter->run()
13 SYSTEMPATH\Boot.php(67): CodeIgniter\Boot::runCodeIgniter(Object(CodeIgniter\CodeIgniter))
14 FCPATH\index.php(59): CodeIgniter\Boot::bootWeb(Object(Config\Paths))
15 SYSTEMPATH\rewrite.php(44): require_once('D:\\XAMPP\\htdocs\\CI4\\public\\index.php')
CRITICAL - 2025-08-11 07:24:18 --> [Caused by] mysqli_sql_exception: Column 'nama_barang' cannot be null
in SYSTEMPATH\Database\MySQLi\Connection.php on line 327.
 1 SYSTEMPATH\Database\MySQLi\Connection.php(327): mysqli->query('INSERT INTO `databarang2` (`nama_barang`, `tipe`, `tahun`, `satuan`, `jumlah`, `gambar`) VALUES (NULL, NULL, NULL, NULL, NULL, NULL)', 0)
 2 SYSTEMPATH\Database\BaseConnection.php(738): CodeIgniter\Database\MySQLi\Connection->execute('INSERT INTO `databarang2` (`nama_barang`, `tipe`, `tahun`, `satuan`, `jumlah`, `gambar`) VALUES (NULL, NULL, NULL, NULL, NULL, NULL)')
 3 SYSTEMPATH\Database\BaseConnection.php(652): CodeIgniter\Database\BaseConnection->simpleQuery('INSERT INTO `databarang2` (`nama_barang`, `tipe`, `tahun`, `satuan`, `jumlah`, `gambar`) VALUES (NULL, NULL, NULL, NULL, NULL, NULL)')
 4 SYSTEMPATH\Database\BaseBuilder.php(2345): CodeIgniter\Database\BaseConnection->query('INSERT INTO `databarang2` (`nama_barang`, `tipe`, `tahun`, `satuan`, `jumlah`, `gambar`) VALUES (:nama_barang:, :tipe:, :tahun:, :satuan:, :jumlah:, :gambar:)', [...], false)
 5 SYSTEMPATH\Model.php(394): CodeIgniter\Database\BaseBuilder->insert()
 6 SYSTEMPATH\BaseModel.php(843): CodeIgniter\Model->doInsert([...])
 7 SYSTEMPATH\Model.php(800): CodeIgniter\BaseModel->insert([...], false)
 8 SYSTEMPATH\BaseModel.php(754): CodeIgniter\Model->insert([...], false)
 9 APPPATH\Controllers\barang.php(57): CodeIgniter\BaseModel->save([...])
10 SYSTEMPATH\CodeIgniter.php(933): App\Controllers\barang->save()
11 SYSTEMPATH\CodeIgniter.php(507): CodeIgniter\CodeIgniter->runController(Object(App\Controllers\barang))
12 SYSTEMPATH\CodeIgniter.php(354): CodeIgniter\CodeIgniter->handleRequest(null, Object(Config\Cache), false)
13 SYSTEMPATH\Boot.php(334): CodeIgniter\CodeIgniter->run()
14 SYSTEMPATH\Boot.php(67): CodeIgniter\Boot::runCodeIgniter(Object(CodeIgniter\CodeIgniter))
15 FCPATH\index.php(59): CodeIgniter\Boot::bootWeb(Object(Config\Paths))
16 SYSTEMPATH\rewrite.php(44): require_once('D:\\XAMPP\\htdocs\\CI4\\public\\index.php')
DEBUG - 2025-08-11 07:34:40 --> Session: Class initialized using 'CodeIgniter\Session\Handlers\FileHandler' driver.
DEBUG - 2025-08-11 07:34:57 --> Session: Class initialized using 'CodeIgniter\Session\Handlers\FileHandler' driver.
DEBUG - 2025-08-11 07:34:58 --> Session: Class initialized using 'CodeIgniter\Session\Handlers\FileHandler' driver.
DEBUG - 2025-08-11 07:35:30 --> Session: Class initialized using 'CodeIgniter\Session\Handlers\FileHandler' driver.
DEBUG - 2025-08-11 07:35:31 --> Session: Class initialized using 'CodeIgniter\Session\Handlers\FileHandler' driver.
DEBUG - 2025-08-11 07:51:59 --> Session: Class initialized using 'CodeIgniter\Session\Handlers\FileHandler' driver.
DEBUG - 2025-08-11 07:52:05 --> Session: Class initialized using 'CodeIgniter\Session\Handlers\FileHandler' driver.
DEBUG - 2025-08-11 07:52:05 --> Session: Class initialized using 'CodeIgniter\Session\Handlers\FileHandler' driver.
DEBUG - 2025-08-11 07:53:27 --> Session: Class initialized using 'CodeIgniter\Session\Handlers\FileHandler' driver.
DEBUG - 2025-08-11 07:53:27 --> Session: Class initialized using 'CodeIgniter\Session\Handlers\FileHandler' driver.
CRITICAL - 2025-08-11 07:53:27 --> ErrorException: Undefined variable $validasi
[Method: GET, Route: barang/create]
in APPPATH\Views\barang\create.php on line 8.
 1 APPPATH\Views\barang\create.php(8): CodeIgniter\Debug\Exceptions->errorHandler(2, 'Undefined variable $validasi', 'D:\\XAMPP\\htdocs\\CI4\\app\\Views\\barang\\create.php', 8)
 2 SYSTEMPATH\View\View.php(224): include('D:\\XAMPP\\htdocs\\CI4\\app\\Views\\barang\\create.php')
 3 SYSTEMPATH\View\View.php(227): CodeIgniter\View\View->CodeIgniter\View\{closure}()
 4 SYSTEMPATH\Common.php(1173): CodeIgniter\View\View->render('barang/create', [], true)
 5 APPPATH\Controllers\barang.php(49): view('barang/create', [...])
 6 SYSTEMPATH\CodeIgniter.php(933): App\Controllers\barang->create()
 7 SYSTEMPATH\CodeIgniter.php(507): CodeIgniter\CodeIgniter->runController(Object(App\Controllers\barang))
 8 SYSTEMPATH\CodeIgniter.php(354): CodeIgniter\CodeIgniter->handleRequest(null, Object(Config\Cache), false)
 9 SYSTEMPATH\Boot.php(334): CodeIgniter\CodeIgniter->run()
10 SYSTEMPATH\Boot.php(67): CodeIgniter\Boot::runCodeIgniter(Object(CodeIgniter\CodeIgniter))
11 FCPATH\index.php(59): CodeIgniter\Boot::bootWeb(Object(Config\Paths))
12 SYSTEMPATH\rewrite.php(44): require_once('D:\\XAMPP\\htdocs\\CI4\\public\\index.php')
DEBUG - 2025-08-11 07:54:04 --> Session: Class initialized using 'CodeIgniter\Session\Handlers\FileHandler' driver.
DEBUG - 2025-08-11 07:54:07 --> Session: Class initialized using 'CodeIgniter\Session\Handlers\FileHandler' driver.
DEBUG - 2025-08-11 07:54:07 --> Session: Class initialized using 'CodeIgniter\Session\Handlers\FileHandler' driver.
DEBUG - 2025-08-11 07:54:20 --> Session: Class initialized using 'CodeIgniter\Session\Handlers\FileHandler' driver.
DEBUG - 2025-08-11 07:54:20 --> Session: Class initialized using 'CodeIgniter\Session\Handlers\FileHandler' driver.
DEBUG - 2025-08-11 08:01:08 --> Session: Class initialized using 'CodeIgniter\Session\Handlers\FileHandler' driver.
DEBUG - 2025-08-11 08:01:08 --> Session: Class initialized using 'CodeIgniter\Session\Handlers\FileHandler' driver.
DEBUG - 2025-08-11 08:01:10 --> Session: Class initialized using 'CodeIgniter\Session\Handlers\FileHandler' driver.
DEBUG - 2025-08-11 08:01:10 --> Session: Class initialized using 'CodeIgniter\Session\Handlers\FileHandler' driver.
DEBUG - 2025-08-11 08:01:11 --> Session: Class initialized using 'CodeIgniter\Session\Handlers\FileHandler' driver.
DEBUG - 2025-08-11 08:01:11 --> Session: Class initialized using 'CodeIgniter\Session\Handlers\FileHandler' driver.
DEBUG - 2025-08-11 08:02:06 --> Session: Class initialized using 'CodeIgniter\Session\Handlers\FileHandler' driver.
DEBUG - 2025-08-11 08:02:06 --> Session: Class initialized using 'CodeIgniter\Session\Handlers\FileHandler' driver.
DEBUG - 2025-08-11 08:02:07 --> Session: Class initialized using 'CodeIgniter\Session\Handlers\FileHandler' driver.
DEBUG - 2025-08-11 08:02:07 --> Session: Class initialized using 'CodeIgniter\Session\Handlers\FileHandler' driver.
DEBUG - 2025-08-11 08:02:09 --> Session: Class initialized using 'CodeIgniter\Session\Handlers\FileHandler' driver.
DEBUG - 2025-08-11 08:02:09 --> Session: Class initialized using 'CodeIgniter\Session\Handlers\FileHandler' driver.
CRITICAL - 2025-08-11 08:04:43 --> CodeIgniter\Validation\Exceptions\ValidationException: "Jumlah harus diisi." is not a valid rule.
[Method: POST, Route: barang/save]
in SYSTEMPATH\Validation\Validation.php on line 345.
 1 SYSTEMPATH\Validation\Validation.php(345): CodeIgniter\Validation\Exceptions\ValidationException::forRuleNotFound('Jumlah harus diisi.')
 2 SYSTEMPATH\Validation\Validation.php(201): CodeIgniter\Validation\Validation->processRules('errors', 'errors', null, [...], [...], 'errors')
 3 SYSTEMPATH\Controller.php(138): CodeIgniter\Validation\Validation->run()
 4 APPPATH\Controllers\barang.php(54): CodeIgniter\Controller->validate([...])
 5 SYSTEMPATH\CodeIgniter.php(933): App\Controllers\barang->save()
 6 SYSTEMPATH\CodeIgniter.php(507): CodeIgniter\CodeIgniter->runController(Object(App\Controllers\barang))
 7 SYSTEMPATH\CodeIgniter.php(354): CodeIgniter\CodeIgniter->handleRequest(null, Object(Config\Cache), false)
 8 SYSTEMPATH\Boot.php(334): CodeIgniter\CodeIgniter->run()
 9 SYSTEMPATH\Boot.php(67): CodeIgniter\Boot::runCodeIgniter(Object(CodeIgniter\CodeIgniter))
10 FCPATH\index.php(59): CodeIgniter\Boot::bootWeb(Object(Config\Paths))
11 SYSTEMPATH\rewrite.php(44): require_once('D:\\XAMPP\\htdocs\\CI4\\public\\index.php')
DEBUG - 2025-08-11 08:07:24 --> Session: Class initialized using 'CodeIgniter\Session\Handlers\FileHandler' driver.
DEBUG - 2025-08-11 08:07:24 --> Session: Class initialized using 'CodeIgniter\Session\Handlers\FileHandler' driver.
DEBUG - 2025-08-11 08:07:26 --> Session: Class initialized using 'CodeIgniter\Session\Handlers\FileHandler' driver.
DEBUG - 2025-08-11 08:07:26 --> Session: Class initialized using 'CodeIgniter\Session\Handlers\FileHandler' driver.
DEBUG - 2025-08-11 08:07:27 --> Session: Class initialized using 'CodeIgniter\Session\Handlers\FileHandler' driver.
DEBUG - 2025-08-11 08:07:27 --> Session: Class initialized using 'CodeIgniter\Session\Handlers\FileHandler' driver.
DEBUG - 2025-08-11 08:07:28 --> Session: Class initialized using 'CodeIgniter\Session\Handlers\FileHandler' driver.
DEBUG - 2025-08-11 08:07:28 --> Session: Class initialized using 'CodeIgniter\Session\Handlers\FileHandler' driver.
DEBUG - 2025-08-11 08:07:43 --> Session: Class initialized using 'CodeIgniter\Session\Handlers\FileHandler' driver.
DEBUG - 2025-08-11 08:07:43 --> Session: Class initialized using 'CodeIgniter\Session\Handlers\FileHandler' driver.
DEBUG - 2025-08-11 08:07:45 --> Session: Class initialized using 'CodeIgniter\Session\Handlers\FileHandler' driver.
DEBUG - 2025-08-11 08:07:45 --> Session: Class initialized using 'CodeIgniter\Session\Handlers\FileHandler' driver.
DEBUG - 2025-08-11 08:34:02 --> Session: Class initialized using 'CodeIgniter\Session\Handlers\FileHandler' driver.
DEBUG - 2025-08-11 08:34:02 --> Session: Class initialized using 'CodeIgniter\Session\Handlers\FileHandler' driver.
DEBUG - 2025-08-11 08:34:14 --> Session: Class initialized using 'CodeIgniter\Session\Handlers\FileHandler' driver.
DEBUG - 2025-08-11 08:34:15 --> Session: Class initialized using 'CodeIgniter\Session\Handlers\FileHandler' driver.
DEBUG - 2025-08-11 08:36:06 --> Session: Class initialized using 'CodeIgniter\Session\Handlers\FileHandler' driver.
DEBUG - 2025-08-11 08:36:06 --> Session: Class initialized using 'CodeIgniter\Session\Handlers\FileHandler' driver.
CRITICAL - 2025-08-11 08:36:06 --> Error: Object of class CodeIgniter\Validation\Validation could not be converted to string
[Method: GET, Route: barang/create]
in APPPATH\Views\barang\create.php on line 8.
 1 SYSTEMPATH\View\View.php(224): include()
 2 SYSTEMPATH\View\View.php(227): CodeIgniter\View\View->CodeIgniter\View\{closure}()
 3 SYSTEMPATH\Common.php(1173): CodeIgniter\View\View->render('barang/create', [], true)
 4 APPPATH\Controllers\barang.php(49): view('barang/create', [...])
 5 SYSTEMPATH\CodeIgniter.php(933): App\Controllers\barang->create()
 6 SYSTEMPATH\CodeIgniter.php(507): CodeIgniter\CodeIgniter->runController(Object(App\Controllers\barang))
 7 SYSTEMPATH\CodeIgniter.php(354): CodeIgniter\CodeIgniter->handleRequest(null, Object(Config\Cache), false)
 8 SYSTEMPATH\Boot.php(334): CodeIgniter\CodeIgniter->run()
 9 SYSTEMPATH\Boot.php(67): CodeIgniter\Boot::runCodeIgniter(Object(CodeIgniter\CodeIgniter))
10 FCPATH\index.php(59): CodeIgniter\Boot::bootWeb(Object(Config\Paths))
11 SYSTEMPATH\rewrite.php(44): require_once('D:\\XAMPP\\htdocs\\CI4\\public\\index.php')
DEBUG - 2025-08-11 08:37:34 --> Session: Class initialized using 'CodeIgniter\Session\Handlers\FileHandler' driver.
DEBUG - 2025-08-11 08:37:36 --> Session: Class initialized using 'CodeIgniter\Session\Handlers\FileHandler' driver.
DEBUG - 2025-08-11 08:37:37 --> Session: Class initialized using 'CodeIgniter\Session\Handlers\FileHandler' driver.
CRITICAL - 2025-08-11 08:37:37 --> Error: Object of class CodeIgniter\Validation\Validation could not be converted to string
[Method: GET, Route: barang/create]
in APPPATH\Views\barang\create.php on line 8.
 1 SYSTEMPATH\View\View.php(224): include()
 2 SYSTEMPATH\View\View.php(227): CodeIgniter\View\View->CodeIgniter\View\{closure}()
 3 SYSTEMPATH\Common.php(1173): CodeIgniter\View\View->render('barang/create', [], true)
 4 APPPATH\Controllers\barang.php(49): view('barang/create', [...])
 5 SYSTEMPATH\CodeIgniter.php(933): App\Controllers\barang->create()
 6 SYSTEMPATH\CodeIgniter.php(507): CodeIgniter\CodeIgniter->runController(Object(App\Controllers\barang))
 7 SYSTEMPATH\CodeIgniter.php(354): CodeIgniter\CodeIgniter->handleRequest(null, Object(Config\Cache), false)
 8 SYSTEMPATH\Boot.php(334): CodeIgniter\CodeIgniter->run()
 9 SYSTEMPATH\Boot.php(67): CodeIgniter\Boot::runCodeIgniter(Object(CodeIgniter\CodeIgniter))
10 FCPATH\index.php(59): CodeIgniter\Boot::bootWeb(Object(Config\Paths))
11 SYSTEMPATH\rewrite.php(44): require_once('D:\\XAMPP\\htdocs\\CI4\\public\\index.php')
DEBUG - 2025-08-11 08:41:43 --> Session: Class initialized using 'CodeIgniter\Session\Handlers\FileHandler' driver.
DEBUG - 2025-08-11 08:41:46 --> Session: Class initialized using 'CodeIgniter\Session\Handlers\FileHandler' driver.
DEBUG - 2025-08-11 08:41:46 --> Session: Class initialized using 'CodeIgniter\Session\Handlers\FileHandler' driver.
DEBUG - 2025-08-11 08:41:57 --> Session: Class initialized using 'CodeIgniter\Session\Handlers\FileHandler' driver.
DEBUG - 2025-08-11 08:42:00 --> Session: Class initialized using 'CodeIgniter\Session\Handlers\FileHandler' driver.
DEBUG - 2025-08-11 08:42:02 --> Session: Class initialized using 'CodeIgniter\Session\Handlers\FileHandler' driver.
DEBUG - 2025-08-11 08:42:05 --> Session: Class initialized using 'CodeIgniter\Session\Handlers\FileHandler' driver.
DEBUG - 2025-08-11 08:42:07 --> Session: Class initialized using 'CodeIgniter\Session\Handlers\FileHandler' driver.
DEBUG - 2025-08-11 08:42:08 --> Session: Class initialized using 'CodeIgniter\Session\Handlers\FileHandler' driver.
DEBUG - 2025-08-11 08:45:57 --> Session: Class initialized using 'CodeIgniter\Session\Handlers\FileHandler' driver.
DEBUG - 2025-08-11 08:45:57 --> Session: Class initialized using 'CodeIgniter\Session\Handlers\FileHandler' driver.
DEBUG - 2025-08-11 08:52:09 --> Session: Class initialized using 'CodeIgniter\Session\Handlers\FileHandler' driver.
DEBUG - 2025-08-11 08:52:12 --> Session: Class initialized using 'CodeIgniter\Session\Handlers\FileHandler' driver.
DEBUG - 2025-08-11 08:52:12 --> Session: Class initialized using 'CodeIgniter\Session\Handlers\FileHandler' driver.
DEBUG - 2025-08-11 08:57:51 --> Session: Class initialized using 'CodeIgniter\Session\Handlers\FileHandler' driver.
DEBUG - 2025-08-11 08:57:51 --> Session: Class initialized using 'CodeIgniter\Session\Handlers\FileHandler' driver.
DEBUG - 2025-08-11 08:57:54 --> Session: Class initialized using 'CodeIgniter\Session\Handlers\FileHandler' driver.
DEBUG - 2025-08-11 08:57:54 --> Session: Class initialized using 'CodeIgniter\Session\Handlers\FileHandler' driver.
DEBUG - 2025-08-11 08:57:57 --> Session: Class initialized using 'CodeIgniter\Session\Handlers\FileHandler' driver.
DEBUG - 2025-08-11 08:57:57 --> Session: Class initialized using 'CodeIgniter\Session\Handlers\FileHandler' driver.
DEBUG - 2025-08-11 09:01:45 --> Session: Class initialized using 'CodeIgniter\Session\Handlers\FileHandler' driver.
DEBUG - 2025-08-11 09:01:48 --> Session: Class initialized using 'CodeIgniter\Session\Handlers\FileHandler' driver.
DEBUG - 2025-08-11 09:01:48 --> Session: Class initialized using 'CodeIgniter\Session\Handlers\FileHandler' driver.
DEBUG - 2025-08-11 09:04:17 --> Session: Class initialized using 'CodeIgniter\Session\Handlers\FileHandler' driver.
DEBUG - 2025-08-11 09:04:20 --> Session: Class initialized using 'CodeIgniter\Session\Handlers\FileHandler' driver.
DEBUG - 2025-08-11 09:04:20 --> Session: Class initialized using 'CodeIgniter\Session\Handlers\FileHandler' driver.
DEBUG - 2025-08-11 09:04:22 --> Session: Class initialized using 'CodeIgniter\Session\Handlers\FileHandler' driver.
DEBUG - 2025-08-11 09:04:22 --> Session: Class initialized using 'CodeIgniter\Session\Handlers\FileHandler' driver.
DEBUG - 2025-08-11 09:04:47 --> Session: Class initialized using 'CodeIgniter\Session\Handlers\FileHandler' driver.
